make[2]: Entering directory `/home/kevin/4over6/thudhcp-server/bind/bind-9.8.4-P2/lib/export'
making all in /home/kevin/4over6/thudhcp-server/bind/bind-9.8.4-P2/lib/export/isc
make[3]: Entering directory `/home/kevin/4over6/thudhcp-server/bind/bind-9.8.4-P2/lib/export/isc'
making all in /home/kevin/4over6/thudhcp-server/bind/bind-9.8.4-P2/lib/export/isc/include
make[4]: Entering directory `/home/kevin/4over6/thudhcp-server/bind/bind-9.8.4-P2/lib/export/isc/include'
making all in /home/kevin/4over6/thudhcp-server/bind/bind-9.8.4-P2/lib/export/isc/include/isc
make[5]: Entering directory `/home/kevin/4over6/thudhcp-server/bind/bind-9.8.4-P2/lib/export/isc/include/isc'
make[5]: Leaving directory `/home/kevin/4over6/thudhcp-server/bind/bind-9.8.4-P2/lib/export/isc/include/isc'
make[4]: Leaving directory `/home/kevin/4over6/thudhcp-server/bind/bind-9.8.4-P2/lib/export/isc/include'
making all in /home/kevin/4over6/thudhcp-server/bind/bind-9.8.4-P2/lib/export/isc/unix
make[4]: Entering directory `/home/kevin/4over6/thudhcp-server/bind/bind-9.8.4-P2/lib/export/isc/unix'
making all in /home/kevin/4over6/thudhcp-server/bind/bind-9.8.4-P2/lib/export/isc/unix/include
make[5]: Entering directory `/home/kevin/4over6/thudhcp-server/bind/bind-9.8.4-P2/lib/export/isc/unix/include'
making all in /home/kevin/4over6/thudhcp-server/bind/bind-9.8.4-P2/lib/export/isc/unix/include/isc
make[6]: Entering directory `/home/kevin/4over6/thudhcp-server/bind/bind-9.8.4-P2/lib/export/isc/unix/include/isc'
make[6]: Leaving directory `/home/kevin/4over6/thudhcp-server/bind/bind-9.8.4-P2/lib/export/isc/unix/include/isc'
make[5]: Leaving directory `/home/kevin/4over6/thudhcp-server/bind/bind-9.8.4-P2/lib/export/isc/unix/include'
gcc  -I/home/kevin/4over6/thudhcp-server/bind/bind-9.8.4-P2 -I../../../../lib/isc/unix/include -I../../../../lib/isc/unix/../nothreads/include -I../include -I../../../../lib/isc/unix/../include -I../../../../lib/isc/unix/..   -DUSE_SOCKETIMPREGISTER -DUSE_APPIMPREGISTER -D_GNU_SOURCE -g -O2  -W -Wall -Wmissing-prototypes -Wcast-qual -Wwrite-strings -Wformat -Wpointer-arith -fno-strict-aliasing  -c ../../../../lib/isc/unix/dir.c
gcc  -I/home/kevin/4over6/thudhcp-server/bind/bind-9.8.4-P2 -I../../../../lib/isc/unix/include -I../../../../lib/isc/unix/../nothreads/include -I../include -I../../../../lib/isc/unix/../include -I../../../../lib/isc/unix/..   -DUSE_SOCKETIMPREGISTER -DUSE_APPIMPREGISTER -D_GNU_SOURCE -g -O2  -W -Wall -Wmissing-prototypes -Wcast-qual -Wwrite-strings -Wformat -Wpointer-arith -fno-strict-aliasing  -c ../../../../lib/isc/unix/errno2result.c
gcc  -I/home/kevin/4over6/thudhcp-server/bind/bind-9.8.4-P2 -I../../../../lib/isc/unix/include -I../../../../lib/isc/unix/../nothreads/include -I../include -I../../../../lib/isc/unix/../include -I../../../../lib/isc/unix/..   -DUSE_SOCKETIMPREGISTER -DUSE_APPIMPREGISTER -D_GNU_SOURCE -g -O2  -W -Wall -Wmissing-prototypes -Wcast-qual -Wwrite-strings -Wformat -Wpointer-arith -fno-strict-aliasing  -c ../../../../lib/isc/unix/file.c
gcc  -I/home/kevin/4over6/thudhcp-server/bind/bind-9.8.4-P2 -I../../../../lib/isc/unix/include -I../../../../lib/isc/unix/../nothreads/include -I../include -I../../../../lib/isc/unix/../include -I../../../../lib/isc/unix/..   -DUSE_SOCKETIMPREGISTER -DUSE_APPIMPREGISTER -D_GNU_SOURCE -g -O2  -W -Wall -Wmissing-prototypes -Wcast-qual -Wwrite-strings -Wformat -Wpointer-arith -fno-strict-aliasing  -c ../../../../lib/isc/unix/fsaccess.c
gcc  -I/home/kevin/4over6/thudhcp-server/bind/bind-9.8.4-P2 -I../../../../lib/isc/unix/include -I../../../../lib/isc/unix/../nothreads/include -I../include -I../../../../lib/isc/unix/../include -I../../../../lib/isc/unix/..   -DUSE_SOCKETIMPREGISTER -DUSE_APPIMPREGISTER -D_GNU_SOURCE -g -O2  -W -Wall -Wmissing-prototypes -Wcast-qual -Wwrite-strings -Wformat -Wpointer-arith -fno-strict-aliasing  -c ../../../../lib/isc/unix/stdio.c
gcc  -I/home/kevin/4over6/thudhcp-server/bind/bind-9.8.4-P2 -I../../../../lib/isc/unix/include -I../../../../lib/isc/unix/../nothreads/include -I../include -I../../../../lib/isc/unix/../include -I../../../../lib/isc/unix/..   -DUSE_SOCKETIMPREGISTER -DUSE_APPIMPREGISTER -D_GNU_SOURCE -g -O2  -W -Wall -Wmissing-prototypes -Wcast-qual -Wwrite-strings -Wformat -Wpointer-arith -fno-strict-aliasing  -c ../../../../lib/isc/unix/stdtime.c
gcc  -I/home/kevin/4over6/thudhcp-server/bind/bind-9.8.4-P2 -I../../../../lib/isc/unix/include -I../../../../lib/isc/unix/../nothreads/include -I../include -I../../../../lib/isc/unix/../include -I../../../../lib/isc/unix/..   -DUSE_SOCKETIMPREGISTER -DUSE_APPIMPREGISTER -D_GNU_SOURCE -g -O2  -W -Wall -Wmissing-prototypes -Wcast-qual -Wwrite-strings -Wformat -Wpointer-arith -fno-strict-aliasing  -c ../../../../lib/isc/unix/strerror.c
gcc  -I/home/kevin/4over6/thudhcp-server/bind/bind-9.8.4-P2 -I../../../../lib/isc/unix/include -I../../../../lib/isc/unix/../nothreads/include -I../include -I../../../../lib/isc/unix/../include -I../../../../lib/isc/unix/..   -DUSE_SOCKETIMPREGISTER -DUSE_APPIMPREGISTER -D_GNU_SOURCE -g -O2  -W -Wall -Wmissing-prototypes -Wcast-qual -Wwrite-strings -Wformat -Wpointer-arith -fno-strict-aliasing  -c ../../../../lib/isc/unix/time.c
gcc  -I/home/kevin/4over6/thudhcp-server/bind/bind-9.8.4-P2 -I../../../../lib/isc/unix/include -I../../../../lib/isc/unix/../nothreads/include -I../include -I../../../../lib/isc/unix/../include -I../../../../lib/isc/unix/..   -DUSE_SOCKETIMPREGISTER -DUSE_APPIMPREGISTER -D_GNU_SOURCE -g -O2  -W -Wall -Wmissing-prototypes -Wcast-qual -Wwrite-strings -Wformat -Wpointer-arith -fno-strict-aliasing  -c ../../../../lib/isc/unix/app.c
gcc  -I/home/kevin/4over6/thudhcp-server/bind/bind-9.8.4-P2 -I../../../../lib/isc/unix/include -I../../../../lib/isc/unix/../nothreads/include -I../include -I../../../../lib/isc/unix/../include -I../../../../lib/isc/unix/..   -DUSE_SOCKETIMPREGISTER -DUSE_APPIMPREGISTER -D_GNU_SOURCE -g -O2  -W -Wall -Wmissing-prototypes -Wcast-qual -Wwrite-strings -Wformat -Wpointer-arith -fno-strict-aliasing  -c ../../../../lib/isc/unix/socket.c
make[4]: Leaving directory `/home/kevin/4over6/thudhcp-server/bind/bind-9.8.4-P2/lib/export/isc/unix'
making all in /home/kevin/4over6/thudhcp-server/bind/bind-9.8.4-P2/lib/export/isc/nls
make[4]: Entering directory `/home/kevin/4over6/thudhcp-server/bind/bind-9.8.4-P2/lib/export/isc/nls'
gcc  -I/home/kevin/4over6/thudhcp-server/bind/bind-9.8.4-P2 -I../../../../lib/isc/nls/unix/include -I/home/kevin/4over6/thudhcp-server/bind/bind-9.8.4-P2/lib/isc/include -I../../../../lib/isc -I../../../../lib/isc/include -I../../../../lib/isc/unix/include -I../../../../lib/isc/nothreads/include -I../../../../lib/isc/x86_32/include    -D_GNU_SOURCE -g -O2  -W -Wall -Wmissing-prototypes -Wcast-qual -Wwrite-strings -Wformat -Wpointer-arith -fno-strict-aliasing  -c ../../../../lib/isc/nls/msgcat.c
make[4]: Leaving directory `/home/kevin/4over6/thudhcp-server/bind/bind-9.8.4-P2/lib/export/isc/nls'
making all in /home/kevin/4over6/thudhcp-server/bind/bind-9.8.4-P2/lib/export/isc/nothreads
make[4]: Entering directory `/home/kevin/4over6/thudhcp-server/bind/bind-9.8.4-P2/lib/export/isc/nothreads'
making all in /home/kevin/4over6/thudhcp-server/bind/bind-9.8.4-P2/lib/export/isc/nothreads/include
make[5]: Entering directory `/home/kevin/4over6/thudhcp-server/bind/bind-9.8.4-P2/lib/export/isc/nothreads/include'
making all in /home/kevin/4over6/thudhcp-server/bind/bind-9.8.4-P2/lib/export/isc/nothreads/include/isc
make[6]: Entering directory `/home/kevin/4over6/thudhcp-server/bind/bind-9.8.4-P2/lib/export/isc/nothreads/include/isc'
make[6]: Leaving directory `/home/kevin/4over6/thudhcp-server/bind/bind-9.8.4-P2/lib/export/isc/nothreads/include/isc'
make[5]: Leaving directory `/home/kevin/4over6/thudhcp-server/bind/bind-9.8.4-P2/lib/export/isc/nothreads/include'
gcc  -I/home/kevin/4over6/thudhcp-server/bind/bind-9.8.4-P2 -I../../../../lib/isc/nothreads/include -I../../../../lib/isc/nothreads/../unix/include -I../include -I../../../../lib/isc/nothreads/../include -I../../../../lib/isc/nothreads/..    -D_GNU_SOURCE -g -O2  -W -Wall -Wmissing-prototypes -Wcast-qual -Wwrite-strings -Wformat -Wpointer-arith -fno-strict-aliasing  -c ../../../../lib/isc/nothreads/thread.c
make[4]: Leaving directory `/home/kevin/4over6/thudhcp-server/bind/bind-9.8.4-P2/lib/export/isc/nothreads'
gcc  -I/home/kevin/4over6/thudhcp-server/bind/bind-9.8.4-P2 -I../../../lib/isc/unix/include -I../../../lib/isc/nothreads/include -I../../../lib/isc/x86_32/include -I../../../lib/export/isc/include -I../../../lib/isc/include    -DUSE_APPIMPREGISTER -DUSE_MEMIMPREGISTER -DUSE_SOCKETIMPREGISTER -DUSE_TASKIMPREGISTER -DUSE_TIMERIMPREGISTER -D_GNU_SOURCE -g -O2  -W -Wall -Wmissing-prototypes -Wcast-qual -Wwrite-strings -Wformat -Wpointer-arith -fno-strict-aliasing  -c ../../../lib/isc/assertions.c
gcc  -I/home/kevin/4over6/thudhcp-server/bind/bind-9.8.4-P2 -I../../../lib/isc/unix/include -I../../../lib/isc/nothreads/include -I../../../lib/isc/x86_32/include -I../../../lib/export/isc/include -I../../../lib/isc/include    -DUSE_APPIMPREGISTER -DUSE_MEMIMPREGISTER -DUSE_SOCKETIMPREGISTER -DUSE_TASKIMPREGISTER -DUSE_TIMERIMPREGISTER -D_GNU_SOURCE -g -O2  -W -Wall -Wmissing-prototypes -Wcast-qual -Wwrite-strings -Wformat -Wpointer-arith -fno-strict-aliasing  -c ../../../lib/isc/backtrace.c
gcc  -I/home/kevin/4over6/thudhcp-server/bind/bind-9.8.4-P2 -I../../../lib/isc/unix/include -I../../../lib/isc/nothreads/include -I../../../lib/isc/x86_32/include -I../../../lib/export/isc/include -I../../../lib/isc/include    -DUSE_APPIMPREGISTER -DUSE_MEMIMPREGISTER -DUSE_SOCKETIMPREGISTER -DUSE_TASKIMPREGISTER -DUSE_TIMERIMPREGISTER -D_GNU_SOURCE -g -O2  -W -Wall -Wmissing-prototypes -Wcast-qual -Wwrite-strings -Wformat -Wpointer-arith -fno-strict-aliasing  -c ../../../lib/isc/backtrace-emptytbl.c
gcc  -I/home/kevin/4over6/thudhcp-server/bind/bind-9.8.4-P2 -I../../../lib/isc/unix/include -I../../../lib/isc/nothreads/include -I../../../lib/isc/x86_32/include -I../../../lib/export/isc/include -I../../../lib/isc/include    -DUSE_APPIMPREGISTER -DUSE_MEMIMPREGISTER -DUSE_SOCKETIMPREGISTER -DUSE_TASKIMPREGISTER -DUSE_TIMERIMPREGISTER -D_GNU_SOURCE -g -O2  -W -Wall -Wmissing-prototypes -Wcast-qual -Wwrite-strings -Wformat -Wpointer-arith -fno-strict-aliasing  -c ../../../lib/isc/base32.c
gcc  -I/home/kevin/4over6/thudhcp-server/bind/bind-9.8.4-P2 -I../../../lib/isc/unix/include -I../../../lib/isc/nothreads/include -I../../../lib/isc/x86_32/include -I../../../lib/export/isc/include -I../../../lib/isc/include    -DUSE_APPIMPREGISTER -DUSE_MEMIMPREGISTER -DUSE_SOCKETIMPREGISTER -DUSE_TASKIMPREGISTER -DUSE_TIMERIMPREGISTER -D_GNU_SOURCE -g -O2  -W -Wall -Wmissing-prototypes -Wcast-qual -Wwrite-strings -Wformat -Wpointer-arith -fno-strict-aliasing  -c ../../../lib/isc/base64.c
gcc  -I/home/kevin/4over6/thudhcp-server/bind/bind-9.8.4-P2 -I../../../lib/isc/unix/include -I../../../lib/isc/nothreads/include -I../../../lib/isc/x86_32/include -I../../../lib/export/isc/include -I../../../lib/isc/include    -DUSE_APPIMPREGISTER -DUSE_MEMIMPREGISTER -DUSE_SOCKETIMPREGISTER -DUSE_TASKIMPREGISTER -DUSE_TIMERIMPREGISTER -D_GNU_SOURCE -g -O2  -W -Wall -Wmissing-prototypes -Wcast-qual -Wwrite-strings -Wformat -Wpointer-arith -fno-strict-aliasing  -c ../../../lib/isc/buffer.c
gcc  -I/home/kevin/4over6/thudhcp-server/bind/bind-9.8.4-P2 -I../../../lib/isc/unix/include -I../../../lib/isc/nothreads/include -I../../../lib/isc/x86_32/include -I../../../lib/export/isc/include -I../../../lib/isc/include    -DUSE_APPIMPREGISTER -DUSE_MEMIMPREGISTER -DUSE_SOCKETIMPREGISTER -DUSE_TASKIMPREGISTER -DUSE_TIMERIMPREGISTER -D_GNU_SOURCE -g -O2  -W -Wall -Wmissing-prototypes -Wcast-qual -Wwrite-strings -Wformat -Wpointer-arith -fno-strict-aliasing  -c ../../../lib/isc/bufferlist.c
gcc  -I/home/kevin/4over6/thudhcp-server/bind/bind-9.8.4-P2 -I../../../lib/isc/unix/include -I../../../lib/isc/nothreads/include -I../../../lib/isc/x86_32/include -I../../../lib/export/isc/include -I../../../lib/isc/include    -DUSE_APPIMPREGISTER -DUSE_MEMIMPREGISTER -DUSE_SOCKETIMPREGISTER -DUSE_TASKIMPREGISTER -DUSE_TIMERIMPREGISTER -D_GNU_SOURCE -g -O2  -W -Wall -Wmissing-prototypes -Wcast-qual -Wwrite-strings -Wformat -Wpointer-arith -fno-strict-aliasing  -c ../../../lib/isc/error.c
gcc  -I/home/kevin/4over6/thudhcp-server/bind/bind-9.8.4-P2 -I../../../lib/isc/unix/include -I../../../lib/isc/nothreads/include -I../../../lib/isc/x86_32/include -I../../../lib/export/isc/include -I../../../lib/isc/include    -DUSE_APPIMPREGISTER -DUSE_MEMIMPREGISTER -DUSE_SOCKETIMPREGISTER -DUSE_TASKIMPREGISTER -DUSE_TIMERIMPREGISTER -D_GNU_SOURCE -g -O2  -W -Wall -Wmissing-prototypes -Wcast-qual -Wwrite-strings -Wformat -Wpointer-arith -fno-strict-aliasing  -c ../../../lib/isc/event.c
gcc  -I/home/kevin/4over6/thudhcp-server/bind/bind-9.8.4-P2 -I../../../lib/isc/unix/include -I../../../lib/isc/nothreads/include -I../../../lib/isc/x86_32/include -I../../../lib/export/isc/include -I../../../lib/isc/include    -DUSE_APPIMPREGISTER -DUSE_MEMIMPREGISTER -DUSE_SOCKETIMPREGISTER -DUSE_TASKIMPREGISTER -DUSE_TIMERIMPREGISTER -D_GNU_SOURCE -g -O2  -W -Wall -Wmissing-prototypes -Wcast-qual -Wwrite-strings -Wformat -Wpointer-arith -fno-strict-aliasing  -c ../../../lib/isc/hash.c
gcc  -I/home/kevin/4over6/thudhcp-server/bind/bind-9.8.4-P2 -I../../../lib/isc/unix/include -I../../../lib/isc/nothreads/include -I../../../lib/isc/x86_32/include -I../../../lib/export/isc/include -I../../../lib/isc/include    -DUSE_APPIMPREGISTER -DUSE_MEMIMPREGISTER -DUSE_SOCKETIMPREGISTER -DUSE_TASKIMPREGISTER -DUSE_TIMERIMPREGISTER -D_GNU_SOURCE -g -O2  -W -Wall -Wmissing-prototypes -Wcast-qual -Wwrite-strings -Wformat -Wpointer-arith -fno-strict-aliasing  -c ../../../lib/isc/hex.c
gcc  -I/home/kevin/4over6/thudhcp-server/bind/bind-9.8.4-P2 -I../../../lib/isc/unix/include -I../../../lib/isc/nothreads/include -I../../../lib/isc/x86_32/include -I../../../lib/export/isc/include -I../../../lib/isc/include    -DUSE_APPIMPREGISTER -DUSE_MEMIMPREGISTER -DUSE_SOCKETIMPREGISTER -DUSE_TASKIMPREGISTER -DUSE_TIMERIMPREGISTER -D_GNU_SOURCE -g -O2  -W -Wall -Wmissing-prototypes -Wcast-qual -Wwrite-strings -Wformat -Wpointer-arith -fno-strict-aliasing  -c ../../../lib/isc/hmacmd5.c
gcc  -I/home/kevin/4over6/thudhcp-server/bind/bind-9.8.4-P2 -I../../../lib/isc/unix/include -I../../../lib/isc/nothreads/include -I../../../lib/isc/x86_32/include -I../../../lib/export/isc/include -I../../../lib/isc/include    -DUSE_APPIMPREGISTER -DUSE_MEMIMPREGISTER -DUSE_SOCKETIMPREGISTER -DUSE_TASKIMPREGISTER -DUSE_TIMERIMPREGISTER -D_GNU_SOURCE -g -O2  -W -Wall -Wmissing-prototypes -Wcast-qual -Wwrite-strings -Wformat -Wpointer-arith -fno-strict-aliasing  -c ../../../lib/isc/hmacsha.c
gcc  -I/home/kevin/4over6/thudhcp-server/bind/bind-9.8.4-P2 -I../../../lib/isc/unix/include -I../../../lib/isc/nothreads/include -I../../../lib/isc/x86_32/include -I../../../lib/export/isc/include -I../../../lib/isc/include    -DUSE_APPIMPREGISTER -DUSE_MEMIMPREGISTER -DUSE_SOCKETIMPREGISTER -DUSE_TASKIMPREGISTER -DUSE_TIMERIMPREGISTER -D_GNU_SOURCE -g -O2  -W -Wall -Wmissing-prototypes -Wcast-qual -Wwrite-strings -Wformat -Wpointer-arith -fno-strict-aliasing  -c ../../../lib/isc/inet_aton.c
gcc  -I/home/kevin/4over6/thudhcp-server/bind/bind-9.8.4-P2 -I../../../lib/isc/unix/include -I../../../lib/isc/nothreads/include -I../../../lib/isc/x86_32/include -I../../../lib/export/isc/include -I../../../lib/isc/include    -DUSE_APPIMPREGISTER -DUSE_MEMIMPREGISTER -DUSE_SOCKETIMPREGISTER -DUSE_TASKIMPREGISTER -DUSE_TIMERIMPREGISTER -D_GNU_SOURCE -g -O2  -W -Wall -Wmissing-prototypes -Wcast-qual -Wwrite-strings -Wformat -Wpointer-arith -fno-strict-aliasing  -c ../../../lib/isc/iterated_hash.c
gcc  -I/home/kevin/4over6/thudhcp-server/bind/bind-9.8.4-P2 -I../../../lib/isc/unix/include -I../../../lib/isc/nothreads/include -I../../../lib/isc/x86_32/include -I../../../lib/export/isc/include -I../../../lib/isc/include    -DUSE_APPIMPREGISTER -DUSE_MEMIMPREGISTER -DUSE_SOCKETIMPREGISTER -DUSE_TASKIMPREGISTER -DUSE_TIMERIMPREGISTER -D_GNU_SOURCE -g -O2  -W -Wall -Wmissing-prototypes -Wcast-qual -Wwrite-strings -Wformat -Wpointer-arith -fno-strict-aliasing  -c ../../../lib/isc/lex.c
gcc  -I/home/kevin/4over6/thudhcp-server/bind/bind-9.8.4-P2 -I../../../lib/isc/unix/include -I../../../lib/isc/nothreads/include -I../../../lib/isc/x86_32/include -I../../../lib/export/isc/include -I../../../lib/isc/include    -DUSE_APPIMPREGISTER -DUSE_MEMIMPREGISTER -DUSE_SOCKETIMPREGISTER -DUSE_TASKIMPREGISTER -DUSE_TIMERIMPREGISTER -D_GNU_SOURCE -g -O2  -W -Wall -Wmissing-prototypes -Wcast-qual -Wwrite-strings -Wformat -Wpointer-arith -fno-strict-aliasing  -c ../../../lib/isc/lfsr.c
gcc  -I/home/kevin/4over6/thudhcp-server/bind/bind-9.8.4-P2 -I../../../lib/isc/unix/include -I../../../lib/isc/nothreads/include -I../../../lib/isc/x86_32/include -I../../../lib/export/isc/include -I../../../lib/isc/include    -DUSE_APPIMPREGISTER -DUSE_MEMIMPREGISTER -DUSE_SOCKETIMPREGISTER -DUSE_TASKIMPREGISTER -DUSE_TIMERIMPREGISTER -D_GNU_SOURCE -g -O2  -W -Wall -Wmissing-prototypes -Wcast-qual -Wwrite-strings -Wformat -Wpointer-arith -fno-strict-aliasing  -c ../../../lib/isc/log.c
gcc  -I/home/kevin/4over6/thudhcp-server/bind/bind-9.8.4-P2 -I../../../lib/isc/unix/include -I../../../lib/isc/nothreads/include -I../../../lib/isc/x86_32/include -I../../../lib/export/isc/include -I../../../lib/isc/include    -DUSE_APPIMPREGISTER -DUSE_MEMIMPREGISTER -DUSE_SOCKETIMPREGISTER -DUSE_TASKIMPREGISTER -DUSE_TIMERIMPREGISTER -D_GNU_SOURCE -g -O2  -W -Wall -Wmissing-prototypes -Wcast-qual -Wwrite-strings -Wformat -Wpointer-arith -fno-strict-aliasing  -c ../../../lib/isc/md5.c
gcc  -I/home/kevin/4over6/thudhcp-server/bind/bind-9.8.4-P2 -I../../../lib/isc/unix/include -I../../../lib/isc/nothreads/include -I../../../lib/isc/x86_32/include -I../../../lib/export/isc/include -I../../../lib/isc/include    -DUSE_APPIMPREGISTER -DUSE_MEMIMPREGISTER -DUSE_SOCKETIMPREGISTER -DUSE_TASKIMPREGISTER -DUSE_TIMERIMPREGISTER -D_GNU_SOURCE -g -O2  -W -Wall -Wmissing-prototypes -Wcast-qual -Wwrite-strings -Wformat -Wpointer-arith -fno-strict-aliasing  -c ../../../lib/isc/mutexblock.c
gcc  -I/home/kevin/4over6/thudhcp-server/bind/bind-9.8.4-P2 -I../../../lib/isc/unix/include -I../../../lib/isc/nothreads/include -I../../../lib/isc/x86_32/include -I../../../lib/export/isc/include -I../../../lib/isc/include    -DUSE_APPIMPREGISTER -DUSE_MEMIMPREGISTER -DUSE_SOCKETIMPREGISTER -DUSE_TASKIMPREGISTER -DUSE_TIMERIMPREGISTER -D_GNU_SOURCE -g -O2  -W -Wall -Wmissing-prototypes -Wcast-qual -Wwrite-strings -Wformat -Wpointer-arith -fno-strict-aliasing  -c ../../../lib/isc/netaddr.c
gcc  -I/home/kevin/4over6/thudhcp-server/bind/bind-9.8.4-P2 -I../../../lib/isc/unix/include -I../../../lib/isc/nothreads/include -I../../../lib/isc/x86_32/include -I../../../lib/export/isc/include -I../../../lib/isc/include    -DUSE_APPIMPREGISTER -DUSE_MEMIMPREGISTER -DUSE_SOCKETIMPREGISTER -DUSE_TASKIMPREGISTER -DUSE_TIMERIMPREGISTER -D_GNU_SOURCE -g -O2  -W -Wall -Wmissing-prototypes -Wcast-qual -Wwrite-strings -Wformat -Wpointer-arith -fno-strict-aliasing  -c ../../../lib/isc/netscope.c
gcc  -I/home/kevin/4over6/thudhcp-server/bind/bind-9.8.4-P2 -I../../../lib/isc/unix/include -I../../../lib/isc/nothreads/include -I../../../lib/isc/x86_32/include -I../../../lib/export/isc/include -I../../../lib/isc/include    -DUSE_APPIMPREGISTER -DUSE_MEMIMPREGISTER -DUSE_SOCKETIMPREGISTER -DUSE_TASKIMPREGISTER -DUSE_TIMERIMPREGISTER -D_GNU_SOURCE -g -O2  -W -Wall -Wmissing-prototypes -Wcast-qual -Wwrite-strings -Wformat -Wpointer-arith -fno-strict-aliasing  -c ../../../lib/isc/ondestroy.c
gcc  -I/home/kevin/4over6/thudhcp-server/bind/bind-9.8.4-P2 -I../../../lib/isc/unix/include -I../../../lib/isc/nothreads/include -I../../../lib/isc/x86_32/include -I../../../lib/export/isc/include -I../../../lib/isc/include    -DUSE_APPIMPREGISTER -DUSE_MEMIMPREGISTER -DUSE_SOCKETIMPREGISTER -DUSE_TASKIMPREGISTER -DUSE_TIMERIMPREGISTER -D_GNU_SOURCE -g -O2  -W -Wall -Wmissing-prototypes -Wcast-qual -Wwrite-strings -Wformat -Wpointer-arith -fno-strict-aliasing  -c ../../../lib/isc/parseint.c
gcc  -I/home/kevin/4over6/thudhcp-server/bind/bind-9.8.4-P2 -I../../../lib/isc/unix/include -I../../../lib/isc/nothreads/include -I../../../lib/isc/x86_32/include -I../../../lib/export/isc/include -I../../../lib/isc/include    -DUSE_APPIMPREGISTER -DUSE_MEMIMPREGISTER -DUSE_SOCKETIMPREGISTER -DUSE_TASKIMPREGISTER -DUSE_TIMERIMPREGISTER -D_GNU_SOURCE -g -O2  -W -Wall -Wmissing-prototypes -Wcast-qual -Wwrite-strings -Wformat -Wpointer-arith -fno-strict-aliasing  -c ../../../lib/isc/portset.c
gcc  -I/home/kevin/4over6/thudhcp-server/bind/bind-9.8.4-P2 -I../../../lib/isc/unix/include -I../../../lib/isc/nothreads/include -I../../../lib/isc/x86_32/include -I../../../lib/export/isc/include -I../../../lib/isc/include    -DUSE_APPIMPREGISTER -DUSE_MEMIMPREGISTER -DUSE_SOCKETIMPREGISTER -DUSE_TASKIMPREGISTER -DUSE_TIMERIMPREGISTER -D_GNU_SOURCE -g -O2  -W -Wall -Wmissing-prototypes -Wcast-qual -Wwrite-strings -Wformat -Wpointer-arith -fno-strict-aliasing  -c ../../../lib/isc/radix.c
gcc  -I/home/kevin/4over6/thudhcp-server/bind/bind-9.8.4-P2 -I../../../lib/isc/unix/include -I../../../lib/isc/nothreads/include -I../../../lib/isc/x86_32/include -I../../../lib/export/isc/include -I../../../lib/isc/include    -DUSE_APPIMPREGISTER -DUSE_MEMIMPREGISTER -DUSE_SOCKETIMPREGISTER -DUSE_TASKIMPREGISTER -DUSE_TIMERIMPREGISTER -D_GNU_SOURCE -g -O2  -W -Wall -Wmissing-prototypes -Wcast-qual -Wwrite-strings -Wformat -Wpointer-arith -fno-strict-aliasing  -c ../../../lib/isc/random.c
gcc  -I/home/kevin/4over6/thudhcp-server/bind/bind-9.8.4-P2 -I../../../lib/isc/unix/include -I../../../lib/isc/nothreads/include -I../../../lib/isc/x86_32/include -I../../../lib/export/isc/include -I../../../lib/isc/include    -DUSE_APPIMPREGISTER -DUSE_MEMIMPREGISTER -DUSE_SOCKETIMPREGISTER -DUSE_TASKIMPREGISTER -DUSE_TIMERIMPREGISTER -D_GNU_SOURCE -g -O2  -W -Wall -Wmissing-prototypes -Wcast-qual -Wwrite-strings -Wformat -Wpointer-arith -fno-strict-aliasing  -c ../../../lib/isc/refcount.c
gcc  -I/home/kevin/4over6/thudhcp-server/bind/bind-9.8.4-P2 -I../../../lib/isc/unix/include -I../../../lib/isc/nothreads/include -I../../../lib/isc/x86_32/include -I../../../lib/export/isc/include -I../../../lib/isc/include    -DUSE_APPIMPREGISTER -DUSE_MEMIMPREGISTER -DUSE_SOCKETIMPREGISTER -DUSE_TASKIMPREGISTER -DUSE_TIMERIMPREGISTER -D_GNU_SOURCE -g -O2  -W -Wall -Wmissing-prototypes -Wcast-qual -Wwrite-strings -Wformat -Wpointer-arith -fno-strict-aliasing  -c ../../../lib/isc/region.c
gcc  -I/home/kevin/4over6/thudhcp-server/bind/bind-9.8.4-P2 -I../../../lib/isc/unix/include -I../../../lib/isc/nothreads/include -I../../../lib/isc/x86_32/include -I../../../lib/export/isc/include -I../../../lib/isc/include    -DUSE_APPIMPREGISTER -DUSE_MEMIMPREGISTER -DUSE_SOCKETIMPREGISTER -DUSE_TASKIMPREGISTER -DUSE_TIMERIMPREGISTER -D_GNU_SOURCE -g -O2  -W -Wall -Wmissing-prototypes -Wcast-qual -Wwrite-strings -Wformat -Wpointer-arith -fno-strict-aliasing  -c ../../../lib/isc/result.c
gcc  -I/home/kevin/4over6/thudhcp-server/bind/bind-9.8.4-P2 -I../../../lib/isc/unix/include -I../../../lib/isc/nothreads/include -I../../../lib/isc/x86_32/include -I../../../lib/export/isc/include -I../../../lib/isc/include    -DUSE_APPIMPREGISTER -DUSE_MEMIMPREGISTER -DUSE_SOCKETIMPREGISTER -DUSE_TASKIMPREGISTER -DUSE_TIMERIMPREGISTER -D_GNU_SOURCE -g -O2  -W -Wall -Wmissing-prototypes -Wcast-qual -Wwrite-strings -Wformat -Wpointer-arith -fno-strict-aliasing  -c ../../../lib/isc/rwlock.c
gcc  -I/home/kevin/4over6/thudhcp-server/bind/bind-9.8.4-P2 -I../../../lib/isc/unix/include -I../../../lib/isc/nothreads/include -I../../../lib/isc/x86_32/include -I../../../lib/export/isc/include -I../../../lib/isc/include    -DUSE_APPIMPREGISTER -DUSE_MEMIMPREGISTER -DUSE_SOCKETIMPREGISTER -DUSE_TASKIMPREGISTER -DUSE_TIMERIMPREGISTER -D_GNU_SOURCE -g -O2  -W -Wall -Wmissing-prototypes -Wcast-qual -Wwrite-strings -Wformat -Wpointer-arith -fno-strict-aliasing  -c ../../../lib/isc/serial.c
gcc  -I/home/kevin/4over6/thudhcp-server/bind/bind-9.8.4-P2 -I../../../lib/isc/unix/include -I../../../lib/isc/nothreads/include -I../../../lib/isc/x86_32/include -I../../../lib/export/isc/include -I../../../lib/isc/include    -DUSE_APPIMPREGISTER -DUSE_MEMIMPREGISTER -DUSE_SOCKETIMPREGISTER -DUSE_TASKIMPREGISTER -DUSE_TIMERIMPREGISTER -D_GNU_SOURCE -g -O2  -W -Wall -Wmissing-prototypes -Wcast-qual -Wwrite-strings -Wformat -Wpointer-arith -fno-strict-aliasing  -c ../../../lib/isc/sha1.c
gcc  -I/home/kevin/4over6/thudhcp-server/bind/bind-9.8.4-P2 -I../../../lib/isc/unix/include -I../../../lib/isc/nothreads/include -I../../../lib/isc/x86_32/include -I../../../lib/export/isc/include -I../../../lib/isc/include    -DUSE_APPIMPREGISTER -DUSE_MEMIMPREGISTER -DUSE_SOCKETIMPREGISTER -DUSE_TASKIMPREGISTER -DUSE_TIMERIMPREGISTER -D_GNU_SOURCE -g -O2  -W -Wall -Wmissing-prototypes -Wcast-qual -Wwrite-strings -Wformat -Wpointer-arith -fno-strict-aliasing  -c ../../../lib/isc/sha2.c
gcc  -I/home/kevin/4over6/thudhcp-server/bind/bind-9.8.4-P2 -I../../../lib/isc/unix/include -I../../../lib/isc/nothreads/include -I../../../lib/isc/x86_32/include -I../../../lib/export/isc/include -I../../../lib/isc/include    -DUSE_APPIMPREGISTER -DUSE_MEMIMPREGISTER -DUSE_SOCKETIMPREGISTER -DUSE_TASKIMPREGISTER -DUSE_TIMERIMPREGISTER -D_GNU_SOURCE -g -O2  -W -Wall -Wmissing-prototypes -Wcast-qual -Wwrite-strings -Wformat -Wpointer-arith -fno-strict-aliasing  -c ../../../lib/isc/sockaddr.c
gcc  -I/home/kevin/4over6/thudhcp-server/bind/bind-9.8.4-P2 -I../../../lib/isc/unix/include -I../../../lib/isc/nothreads/include -I../../../lib/isc/x86_32/include -I../../../lib/export/isc/include -I../../../lib/isc/include    -DUSE_APPIMPREGISTER -DUSE_MEMIMPREGISTER -DUSE_SOCKETIMPREGISTER -DUSE_TASKIMPREGISTER -DUSE_TIMERIMPREGISTER -D_GNU_SOURCE -g -O2  -W -Wall -Wmissing-prototypes -Wcast-qual -Wwrite-strings -Wformat -Wpointer-arith -fno-strict-aliasing  -c ../../../lib/isc/stats.c
gcc  -I/home/kevin/4over6/thudhcp-server/bind/bind-9.8.4-P2 -I../../../lib/isc/unix/include -I../../../lib/isc/nothreads/include -I../../../lib/isc/x86_32/include -I../../../lib/export/isc/include -I../../../lib/isc/include    -DUSE_APPIMPREGISTER -DUSE_MEMIMPREGISTER -DUSE_SOCKETIMPREGISTER -DUSE_TASKIMPREGISTER -DUSE_TIMERIMPREGISTER -D_GNU_SOURCE -g -O2  -W -Wall -Wmissing-prototypes -Wcast-qual -Wwrite-strings -Wformat -Wpointer-arith -fno-strict-aliasing  -c ../../../lib/isc/string.c
gcc  -I/home/kevin/4over6/thudhcp-server/bind/bind-9.8.4-P2 -I../../../lib/isc/unix/include -I../../../lib/isc/nothreads/include -I../../../lib/isc/x86_32/include -I../../../lib/export/isc/include -I../../../lib/isc/include    -DUSE_APPIMPREGISTER -DUSE_MEMIMPREGISTER -DUSE_SOCKETIMPREGISTER -DUSE_TASKIMPREGISTER -DUSE_TIMERIMPREGISTER -D_GNU_SOURCE -g -O2  -W -Wall -Wmissing-prototypes -Wcast-qual -Wwrite-strings -Wformat -Wpointer-arith -fno-strict-aliasing  -c ../../../lib/isc/symtab.c
gcc  -I/home/kevin/4over6/thudhcp-server/bind/bind-9.8.4-P2 -I../../../lib/isc/unix/include -I../../../lib/isc/nothreads/include -I../../../lib/isc/x86_32/include -I../../../lib/export/isc/include -I../../../lib/isc/include    -DUSE_APPIMPREGISTER -DUSE_MEMIMPREGISTER -DUSE_SOCKETIMPREGISTER -DUSE_TASKIMPREGISTER -DUSE_TIMERIMPREGISTER -D_GNU_SOURCE -g -O2  -W -Wall -Wmissing-prototypes -Wcast-qual -Wwrite-strings -Wformat -Wpointer-arith -fno-strict-aliasing  \
		-DVERSION=\"9.8.4-P2\" \
		-DLIBINTERFACE=85 \
		-DLIBREVISION=0 \
		-DLIBAGE=1 \
		-c ../../../lib/isc/version.c
gcc  -I/home/kevin/4over6/thudhcp-server/bind/bind-9.8.4-P2 -I../../../lib/isc/unix/include -I../../../lib/isc/nothreads/include -I../../../lib/isc/x86_32/include -I../../../lib/export/isc/include -I../../../lib/isc/include    -DUSE_APPIMPREGISTER -DUSE_MEMIMPREGISTER -DUSE_SOCKETIMPREGISTER -DUSE_TASKIMPREGISTER -DUSE_TIMERIMPREGISTER -D_GNU_SOURCE -g -O2  -W -Wall -Wmissing-prototypes -Wcast-qual -Wwrite-strings -Wformat -Wpointer-arith -fno-strict-aliasing  -c ../../../lib/isc/app_api.c
gcc  -I/home/kevin/4over6/thudhcp-server/bind/bind-9.8.4-P2 -I../../../lib/isc/unix/include -I../../../lib/isc/nothreads/include -I../../../lib/isc/x86_32/include -I../../../lib/export/isc/include -I../../../lib/isc/include    -DUSE_APPIMPREGISTER -DUSE_MEMIMPREGISTER -DUSE_SOCKETIMPREGISTER -DUSE_TASKIMPREGISTER -DUSE_TIMERIMPREGISTER -D_GNU_SOURCE -g -O2  -W -Wall -Wmissing-prototypes -Wcast-qual -Wwrite-strings -Wformat -Wpointer-arith -fno-strict-aliasing  -c ../../../lib/isc/mem_api.c
gcc  -I/home/kevin/4over6/thudhcp-server/bind/bind-9.8.4-P2 -I../../../lib/isc/unix/include -I../../../lib/isc/nothreads/include -I../../../lib/isc/x86_32/include -I../../../lib/export/isc/include -I../../../lib/isc/include    -DUSE_APPIMPREGISTER -DUSE_MEMIMPREGISTER -DUSE_SOCKETIMPREGISTER -DUSE_TASKIMPREGISTER -DUSE_TIMERIMPREGISTER -D_GNU_SOURCE -g -O2  -W -Wall -Wmissing-prototypes -Wcast-qual -Wwrite-strings -Wformat -Wpointer-arith -fno-strict-aliasing  -c ../../../lib/isc/socket_api.c
gcc  -I/home/kevin/4over6/thudhcp-server/bind/bind-9.8.4-P2 -I../../../lib/isc/unix/include -I../../../lib/isc/nothreads/include -I../../../lib/isc/x86_32/include -I../../../lib/export/isc/include -I../../../lib/isc/include    -DUSE_APPIMPREGISTER -DUSE_MEMIMPREGISTER -DUSE_SOCKETIMPREGISTER -DUSE_TASKIMPREGISTER -DUSE_TIMERIMPREGISTER -D_GNU_SOURCE -g -O2  -W -Wall -Wmissing-prototypes -Wcast-qual -Wwrite-strings -Wformat -Wpointer-arith -fno-strict-aliasing  -c ../../../lib/isc/task_api.c
gcc  -I/home/kevin/4over6/thudhcp-server/bind/bind-9.8.4-P2 -I../../../lib/isc/unix/include -I../../../lib/isc/nothreads/include -I../../../lib/isc/x86_32/include -I../../../lib/export/isc/include -I../../../lib/isc/include    -DUSE_APPIMPREGISTER -DUSE_MEMIMPREGISTER -DUSE_SOCKETIMPREGISTER -DUSE_TASKIMPREGISTER -DUSE_TIMERIMPREGISTER -D_GNU_SOURCE -g -O2  -W -Wall -Wmissing-prototypes -Wcast-qual -Wwrite-strings -Wformat -Wpointer-arith -fno-strict-aliasing  -c ../../../lib/isc/timer_api.c
gcc  -I/home/kevin/4over6/thudhcp-server/bind/bind-9.8.4-P2 -I../../../lib/isc/unix/include -I../../../lib/isc/nothreads/include -I../../../lib/isc/x86_32/include -I../../../lib/export/isc/include -I../../../lib/isc/include    -DUSE_APPIMPREGISTER -DUSE_MEMIMPREGISTER -DUSE_SOCKETIMPREGISTER -DUSE_TASKIMPREGISTER -DUSE_TIMERIMPREGISTER -D_GNU_SOURCE -g -O2  -W -Wall -Wmissing-prototypes -Wcast-qual -Wwrite-strings -Wformat -Wpointer-arith -fno-strict-aliasing  -c ../../../lib/isc/mem.c
gcc  -I/home/kevin/4over6/thudhcp-server/bind/bind-9.8.4-P2 -I../../../lib/isc/unix/include -I../../../lib/isc/nothreads/include -I../../../lib/isc/x86_32/include -I../../../lib/export/isc/include -I../../../lib/isc/include    -DUSE_APPIMPREGISTER -DUSE_MEMIMPREGISTER -DUSE_SOCKETIMPREGISTER -DUSE_TASKIMPREGISTER -DUSE_TIMERIMPREGISTER -D_GNU_SOURCE -g -O2  -W -Wall -Wmissing-prototypes -Wcast-qual -Wwrite-strings -Wformat -Wpointer-arith -fno-strict-aliasing  -c ../../../lib/isc/task.c
gcc  -I/home/kevin/4over6/thudhcp-server/bind/bind-9.8.4-P2 -I../../../lib/isc/unix/include -I../../../lib/isc/nothreads/include -I../../../lib/isc/x86_32/include -I../../../lib/export/isc/include -I../../../lib/isc/include    -DUSE_APPIMPREGISTER -DUSE_MEMIMPREGISTER -DUSE_SOCKETIMPREGISTER -DUSE_TASKIMPREGISTER -DUSE_TIMERIMPREGISTER -D_GNU_SOURCE -g -O2  -W -Wall -Wmissing-prototypes -Wcast-qual -Wwrite-strings -Wformat -Wpointer-arith -fno-strict-aliasing  -c ../../../lib/isc/timer.c
gcc  -I/home/kevin/4over6/thudhcp-server/bind/bind-9.8.4-P2 -I../../../lib/isc/unix/include -I../../../lib/isc/nothreads/include -I../../../lib/isc/x86_32/include -I../../../lib/export/isc/include -I../../../lib/isc/include    -DUSE_APPIMPREGISTER -DUSE_MEMIMPREGISTER -DUSE_SOCKETIMPREGISTER -DUSE_TASKIMPREGISTER -DUSE_TIMERIMPREGISTER -D_GNU_SOURCE -g -O2  -W -Wall -Wmissing-prototypes -Wcast-qual -Wwrite-strings -Wformat -Wpointer-arith -fno-strict-aliasing  -c ../../../lib/isc/lib.c
gcc  -I/home/kevin/4over6/thudhcp-server/bind/bind-9.8.4-P2 -I../../../lib/isc/unix/include -I../../../lib/isc/nothreads/include -I../../../lib/isc/x86_32/include -I../../../lib/export/isc/include -I../../../lib/isc/include    -DUSE_APPIMPREGISTER -DUSE_MEMIMPREGISTER -DUSE_SOCKETIMPREGISTER -DUSE_TASKIMPREGISTER -DUSE_TIMERIMPREGISTER -D_GNU_SOURCE -g -O2  -W -Wall -Wmissing-prototypes -Wcast-qual -Wwrite-strings -Wformat -Wpointer-arith -fno-strict-aliasing  -c ../../../lib/isc/heap.c
/usr/bin/ar cruv libisc.a assertions.o backtrace.o backtrace-emptytbl.o base32.o base64.o buffer.o bufferlist.o error.o event.o hash.o hex.o hmacmd5.o hmacsha.o inet_aton.o iterated_hash.o lex.o lfsr.o log.o md5.o mutexblock.o netaddr.o netscope.o ondestroy.o parseint.o portset.o radix.o random.o refcount.o region.o result.o rwlock.o serial.o sha1.o sha2.o sockaddr.o stats.o string.o symtab.o version.o app_api.o mem_api.o socket_api.o task_api.o timer_api.o mem.o unix/socket.o task.o timer.o lib.o heap.o	 unix/app.o unix/dir.o unix/errno2result.o unix/file.o unix/fsaccess.o unix/stdio.o unix/stdtime.o unix/strerror.o unix/time.o nls/msgcat.o nothreads/thread.o
a - assertions.o
a - backtrace.o
a - backtrace-emptytbl.o
a - base32.o
a - base64.o
a - buffer.o
a - bufferlist.o
a - error.o
a - event.o
a - hash.o
a - hex.o
a - hmacmd5.o
a - hmacsha.o
a - inet_aton.o
a - iterated_hash.o
a - lex.o
a - lfsr.o
a - log.o
a - md5.o
a - mutexblock.o
a - netaddr.o
a - netscope.o
a - ondestroy.o
a - parseint.o
a - portset.o
a - radix.o
a - random.o
a - refcount.o
a - region.o
a - result.o
a - rwlock.o
a - serial.o
a - sha1.o
a - sha2.o
a - sockaddr.o
a - stats.o
a - string.o
a - symtab.o
a - version.o
a - app_api.o
a - mem_api.o
a - socket_api.o
a - task_api.o
a - timer_api.o
a - mem.o
a - unix/socket.o
a - task.o
a - timer.o
a - lib.o
a - heap.o
a - unix/app.o
a - unix/dir.o
a - unix/errno2result.o
a - unix/file.o
a - unix/fsaccess.o
a - unix/stdio.o
a - unix/stdtime.o
a - unix/strerror.o
a - unix/time.o
a - nls/msgcat.o
a - nothreads/thread.o
ranlib libisc.a
touch timestamp
make[3]: Leaving directory `/home/kevin/4over6/thudhcp-server/bind/bind-9.8.4-P2/lib/export/isc'
making all in /home/kevin/4over6/thudhcp-server/bind/bind-9.8.4-P2/lib/export/dns
make[3]: Entering directory `/home/kevin/4over6/thudhcp-server/bind/bind-9.8.4-P2/lib/export/dns'
gcc  -I/home/kevin/4over6/thudhcp-server/bind/bind-9.8.4-P2 -I. -Iinclude -I/home/kevin/4over6/thudhcp-server/bind/bind-9.8.4-P2/lib/dns/include -I../../../lib/dns/include -I../../../lib/export/isc/include -I/home/kevin/4over6/thudhcp-server/bind/bind-9.8.4-P2/lib/isc/include -I../../../lib/isc -I../../../lib/isc/include -I../../../lib/isc/unix/include -I../../../lib/isc/nothreads/include -I../../../lib/isc/x86_32/include     -DUSE_MD5   -D_GNU_SOURCE -g -O2  -W -Wall -Wmissing-prototypes -Wcast-qual -Wwrite-strings -Wformat -Wpointer-arith -fno-strict-aliasing   -o gen ../../../lib/dns/gen.c -ldl 
./gen -s ../../../lib/dns -t > include/dns/enumtype.h
./gen -s ../../../lib/dns -c > include/dns/enumclass.h
./gen -s ../../../lib/dns -i \
		-P ../../../lib/dns/rdata/rdatastructpre.h \
		-S ../../../lib/dns/rdata/rdatastructsuf.h > include/dns/rdatastruct.h
./gen -s ../../../lib/dns > code.h
making all in /home/kevin/4over6/thudhcp-server/bind/bind-9.8.4-P2/lib/export/dns/include
make[4]: Entering directory `/home/kevin/4over6/thudhcp-server/bind/bind-9.8.4-P2/lib/export/dns/include'
making all in /home/kevin/4over6/thudhcp-server/bind/bind-9.8.4-P2/lib/export/dns/include/dns
make[5]: Entering directory `/home/kevin/4over6/thudhcp-server/bind/bind-9.8.4-P2/lib/export/dns/include/dns'
make[5]: Leaving directory `/home/kevin/4over6/thudhcp-server/bind/bind-9.8.4-P2/lib/export/dns/include/dns'
making all in /home/kevin/4over6/thudhcp-server/bind/bind-9.8.4-P2/lib/export/dns/include/dst
make[5]: Entering directory `/home/kevin/4over6/thudhcp-server/bind/bind-9.8.4-P2/lib/export/dns/include/dst'
make[5]: Leaving directory `/home/kevin/4over6/thudhcp-server/bind/bind-9.8.4-P2/lib/export/dns/include/dst'
make[4]: Leaving directory `/home/kevin/4over6/thudhcp-server/bind/bind-9.8.4-P2/lib/export/dns/include'
gcc  -I/home/kevin/4over6/thudhcp-server/bind/bind-9.8.4-P2 -I. -Iinclude -I/home/kevin/4over6/thudhcp-server/bind/bind-9.8.4-P2/lib/dns/include -I../../../lib/dns/include -I../../../lib/export/isc/include -I/home/kevin/4over6/thudhcp-server/bind/bind-9.8.4-P2/lib/isc/include -I../../../lib/isc -I../../../lib/isc/include -I../../../lib/isc/unix/include -I../../../lib/isc/nothreads/include -I../../../lib/isc/x86_32/include     -DUSE_MD5   -D_GNU_SOURCE -g -O2  -W -Wall -Wmissing-prototypes -Wcast-qual -Wwrite-strings -Wformat -Wpointer-arith -fno-strict-aliasing  -c ../../../lib/dns/acl.c
gcc  -I/home/kevin/4over6/thudhcp-server/bind/bind-9.8.4-P2 -I. -Iinclude -I/home/kevin/4over6/thudhcp-server/bind/bind-9.8.4-P2/lib/dns/include -I../../../lib/dns/include -I../../../lib/export/isc/include -I/home/kevin/4over6/thudhcp-server/bind/bind-9.8.4-P2/lib/isc/include -I../../../lib/isc -I../../../lib/isc/include -I../../../lib/isc/unix/include -I../../../lib/isc/nothreads/include -I../../../lib/isc/x86_32/include     -DUSE_MD5   -D_GNU_SOURCE -g -O2  -W -Wall -Wmissing-prototypes -Wcast-qual -Wwrite-strings -Wformat -Wpointer-arith -fno-strict-aliasing  -c ../../../lib/dns/adb.c
gcc  -I/home/kevin/4over6/thudhcp-server/bind/bind-9.8.4-P2 -I. -Iinclude -I/home/kevin/4over6/thudhcp-server/bind/bind-9.8.4-P2/lib/dns/include -I../../../lib/dns/include -I../../../lib/export/isc/include -I/home/kevin/4over6/thudhcp-server/bind/bind-9.8.4-P2/lib/isc/include -I../../../lib/isc -I../../../lib/isc/include -I../../../lib/isc/unix/include -I../../../lib/isc/nothreads/include -I../../../lib/isc/x86_32/include     -DUSE_MD5   -D_GNU_SOURCE -g -O2  -W -Wall -Wmissing-prototypes -Wcast-qual -Wwrite-strings -Wformat -Wpointer-arith -fno-strict-aliasing  -c ../../../lib/dns/byaddr.c
gcc  -I/home/kevin/4over6/thudhcp-server/bind/bind-9.8.4-P2 -I. -Iinclude -I/home/kevin/4over6/thudhcp-server/bind/bind-9.8.4-P2/lib/dns/include -I../../../lib/dns/include -I../../../lib/export/isc/include -I/home/kevin/4over6/thudhcp-server/bind/bind-9.8.4-P2/lib/isc/include -I../../../lib/isc -I../../../lib/isc/include -I../../../lib/isc/unix/include -I../../../lib/isc/nothreads/include -I../../../lib/isc/x86_32/include     -DUSE_MD5   -D_GNU_SOURCE -g -O2  -W -Wall -Wmissing-prototypes -Wcast-qual -Wwrite-strings -Wformat -Wpointer-arith -fno-strict-aliasing  -c ../../../lib/dns/cache.c
gcc  -I/home/kevin/4over6/thudhcp-server/bind/bind-9.8.4-P2 -I. -Iinclude -I/home/kevin/4over6/thudhcp-server/bind/bind-9.8.4-P2/lib/dns/include -I../../../lib/dns/include -I../../../lib/export/isc/include -I/home/kevin/4over6/thudhcp-server/bind/bind-9.8.4-P2/lib/isc/include -I../../../lib/isc -I../../../lib/isc/include -I../../../lib/isc/unix/include -I../../../lib/isc/nothreads/include -I../../../lib/isc/x86_32/include     -DUSE_MD5   -D_GNU_SOURCE -g -O2  -W -Wall -Wmissing-prototypes -Wcast-qual -Wwrite-strings -Wformat -Wpointer-arith -fno-strict-aliasing  -c ../../../lib/dns/callbacks.c
gcc  -I/home/kevin/4over6/thudhcp-server/bind/bind-9.8.4-P2 -I. -Iinclude -I/home/kevin/4over6/thudhcp-server/bind/bind-9.8.4-P2/lib/dns/include -I../../../lib/dns/include -I../../../lib/export/isc/include -I/home/kevin/4over6/thudhcp-server/bind/bind-9.8.4-P2/lib/isc/include -I../../../lib/isc -I../../../lib/isc/include -I../../../lib/isc/unix/include -I../../../lib/isc/nothreads/include -I../../../lib/isc/x86_32/include     -DUSE_MD5   -D_GNU_SOURCE -g -O2  -W -Wall -Wmissing-prototypes -Wcast-qual -Wwrite-strings -Wformat -Wpointer-arith -fno-strict-aliasing  -c ../../../lib/dns/client.c
gcc  -I/home/kevin/4over6/thudhcp-server/bind/bind-9.8.4-P2 -I. -Iinclude -I/home/kevin/4over6/thudhcp-server/bind/bind-9.8.4-P2/lib/dns/include -I../../../lib/dns/include -I../../../lib/export/isc/include -I/home/kevin/4over6/thudhcp-server/bind/bind-9.8.4-P2/lib/isc/include -I../../../lib/isc -I../../../lib/isc/include -I../../../lib/isc/unix/include -I../../../lib/isc/nothreads/include -I../../../lib/isc/x86_32/include     -DUSE_MD5   -D_GNU_SOURCE -g -O2  -W -Wall -Wmissing-prototypes -Wcast-qual -Wwrite-strings -Wformat -Wpointer-arith -fno-strict-aliasing  -c ../../../lib/dns/compress.c
gcc  -I/home/kevin/4over6/thudhcp-server/bind/bind-9.8.4-P2 -I. -Iinclude -I/home/kevin/4over6/thudhcp-server/bind/bind-9.8.4-P2/lib/dns/include -I../../../lib/dns/include -I../../../lib/export/isc/include -I/home/kevin/4over6/thudhcp-server/bind/bind-9.8.4-P2/lib/isc/include -I../../../lib/isc -I../../../lib/isc/include -I../../../lib/isc/unix/include -I../../../lib/isc/nothreads/include -I../../../lib/isc/x86_32/include     -DUSE_MD5   -D_GNU_SOURCE -g -O2  -W -Wall -Wmissing-prototypes -Wcast-qual -Wwrite-strings -Wformat -Wpointer-arith -fno-strict-aliasing  -c ../../../lib/dns/db.c
gcc  -I/home/kevin/4over6/thudhcp-server/bind/bind-9.8.4-P2 -I. -Iinclude -I/home/kevin/4over6/thudhcp-server/bind/bind-9.8.4-P2/lib/dns/include -I../../../lib/dns/include -I../../../lib/export/isc/include -I/home/kevin/4over6/thudhcp-server/bind/bind-9.8.4-P2/lib/isc/include -I../../../lib/isc -I../../../lib/isc/include -I../../../lib/isc/unix/include -I../../../lib/isc/nothreads/include -I../../../lib/isc/x86_32/include     -DUSE_MD5   -D_GNU_SOURCE -g -O2  -W -Wall -Wmissing-prototypes -Wcast-qual -Wwrite-strings -Wformat -Wpointer-arith -fno-strict-aliasing  -c ../../../lib/dns/dbiterator.c
gcc  -I/home/kevin/4over6/thudhcp-server/bind/bind-9.8.4-P2 -I. -Iinclude -I/home/kevin/4over6/thudhcp-server/bind/bind-9.8.4-P2/lib/dns/include -I../../../lib/dns/include -I../../../lib/export/isc/include -I/home/kevin/4over6/thudhcp-server/bind/bind-9.8.4-P2/lib/isc/include -I../../../lib/isc -I../../../lib/isc/include -I../../../lib/isc/unix/include -I../../../lib/isc/nothreads/include -I../../../lib/isc/x86_32/include     -DUSE_MD5   -D_GNU_SOURCE -g -O2  -W -Wall -Wmissing-prototypes -Wcast-qual -Wwrite-strings -Wformat -Wpointer-arith -fno-strict-aliasing  -c ../../../lib/dns/diff.c
gcc  -I/home/kevin/4over6/thudhcp-server/bind/bind-9.8.4-P2 -I. -Iinclude -I/home/kevin/4over6/thudhcp-server/bind/bind-9.8.4-P2/lib/dns/include -I../../../lib/dns/include -I../../../lib/export/isc/include -I/home/kevin/4over6/thudhcp-server/bind/bind-9.8.4-P2/lib/isc/include -I../../../lib/isc -I../../../lib/isc/include -I../../../lib/isc/unix/include -I../../../lib/isc/nothreads/include -I../../../lib/isc/x86_32/include     -DUSE_MD5   -D_GNU_SOURCE -g -O2  -W -Wall -Wmissing-prototypes -Wcast-qual -Wwrite-strings -Wformat -Wpointer-arith -fno-strict-aliasing  -c ../../../lib/dns/dispatch.c
gcc  -I/home/kevin/4over6/thudhcp-server/bind/bind-9.8.4-P2 -I. -Iinclude -I/home/kevin/4over6/thudhcp-server/bind/bind-9.8.4-P2/lib/dns/include -I../../../lib/dns/include -I../../../lib/export/isc/include -I/home/kevin/4over6/thudhcp-server/bind/bind-9.8.4-P2/lib/isc/include -I../../../lib/isc -I../../../lib/isc/include -I../../../lib/isc/unix/include -I../../../lib/isc/nothreads/include -I../../../lib/isc/x86_32/include     -DUSE_MD5   -D_GNU_SOURCE -g -O2  -W -Wall -Wmissing-prototypes -Wcast-qual -Wwrite-strings -Wformat -Wpointer-arith -fno-strict-aliasing  -c ../../../lib/dns/dlz.c
gcc  -I/home/kevin/4over6/thudhcp-server/bind/bind-9.8.4-P2 -I. -Iinclude -I/home/kevin/4over6/thudhcp-server/bind/bind-9.8.4-P2/lib/dns/include -I../../../lib/dns/include -I../../../lib/export/isc/include -I/home/kevin/4over6/thudhcp-server/bind/bind-9.8.4-P2/lib/isc/include -I../../../lib/isc -I../../../lib/isc/include -I../../../lib/isc/unix/include -I../../../lib/isc/nothreads/include -I../../../lib/isc/x86_32/include     -DUSE_MD5   -D_GNU_SOURCE -g -O2  -W -Wall -Wmissing-prototypes -Wcast-qual -Wwrite-strings -Wformat -Wpointer-arith -fno-strict-aliasing  -c ../../../lib/dns/dnssec.c
gcc  -I/home/kevin/4over6/thudhcp-server/bind/bind-9.8.4-P2 -I. -Iinclude -I/home/kevin/4over6/thudhcp-server/bind/bind-9.8.4-P2/lib/dns/include -I../../../lib/dns/include -I../../../lib/export/isc/include -I/home/kevin/4over6/thudhcp-server/bind/bind-9.8.4-P2/lib/isc/include -I../../../lib/isc -I../../../lib/isc/include -I../../../lib/isc/unix/include -I../../../lib/isc/nothreads/include -I../../../lib/isc/x86_32/include     -DUSE_MD5   -D_GNU_SOURCE -g -O2  -W -Wall -Wmissing-prototypes -Wcast-qual -Wwrite-strings -Wformat -Wpointer-arith -fno-strict-aliasing  -c ../../../lib/dns/ds.c
gcc  -I/home/kevin/4over6/thudhcp-server/bind/bind-9.8.4-P2 -I. -Iinclude -I/home/kevin/4over6/thudhcp-server/bind/bind-9.8.4-P2/lib/dns/include -I../../../lib/dns/include -I../../../lib/export/isc/include -I/home/kevin/4over6/thudhcp-server/bind/bind-9.8.4-P2/lib/isc/include -I../../../lib/isc -I../../../lib/isc/include -I../../../lib/isc/unix/include -I../../../lib/isc/nothreads/include -I../../../lib/isc/x86_32/include     -DUSE_MD5   -D_GNU_SOURCE -g -O2  -W -Wall -Wmissing-prototypes -Wcast-qual -Wwrite-strings -Wformat -Wpointer-arith -fno-strict-aliasing  -c ../../../lib/dns/forward.c
gcc  -I/home/kevin/4over6/thudhcp-server/bind/bind-9.8.4-P2 -I. -Iinclude -I/home/kevin/4over6/thudhcp-server/bind/bind-9.8.4-P2/lib/dns/include -I../../../lib/dns/include -I../../../lib/export/isc/include -I/home/kevin/4over6/thudhcp-server/bind/bind-9.8.4-P2/lib/isc/include -I../../../lib/isc -I../../../lib/isc/include -I../../../lib/isc/unix/include -I../../../lib/isc/nothreads/include -I../../../lib/isc/x86_32/include     -DUSE_MD5   -D_GNU_SOURCE -g -O2  -W -Wall -Wmissing-prototypes -Wcast-qual -Wwrite-strings -Wformat -Wpointer-arith -fno-strict-aliasing  -c ../../../lib/dns/iptable.c
gcc  -I/home/kevin/4over6/thudhcp-server/bind/bind-9.8.4-P2 -I. -Iinclude -I/home/kevin/4over6/thudhcp-server/bind/bind-9.8.4-P2/lib/dns/include -I../../../lib/dns/include -I../../../lib/export/isc/include -I/home/kevin/4over6/thudhcp-server/bind/bind-9.8.4-P2/lib/isc/include -I../../../lib/isc -I../../../lib/isc/include -I../../../lib/isc/unix/include -I../../../lib/isc/nothreads/include -I../../../lib/isc/x86_32/include     -DUSE_MD5   -D_GNU_SOURCE -g -O2  -W -Wall -Wmissing-prototypes -Wcast-qual -Wwrite-strings -Wformat -Wpointer-arith -fno-strict-aliasing  -c ../../../lib/dns/keytable.c
gcc  -I/home/kevin/4over6/thudhcp-server/bind/bind-9.8.4-P2 -I. -Iinclude -I/home/kevin/4over6/thudhcp-server/bind/bind-9.8.4-P2/lib/dns/include -I../../../lib/dns/include -I../../../lib/export/isc/include -I/home/kevin/4over6/thudhcp-server/bind/bind-9.8.4-P2/lib/isc/include -I../../../lib/isc -I../../../lib/isc/include -I../../../lib/isc/unix/include -I../../../lib/isc/nothreads/include -I../../../lib/isc/x86_32/include     -DUSE_MD5   -D_GNU_SOURCE -g -O2  -W -Wall -Wmissing-prototypes -Wcast-qual -Wwrite-strings -Wformat -Wpointer-arith -fno-strict-aliasing  -c ../../../lib/dns/lib.c
gcc  -I/home/kevin/4over6/thudhcp-server/bind/bind-9.8.4-P2 -I. -Iinclude -I/home/kevin/4over6/thudhcp-server/bind/bind-9.8.4-P2/lib/dns/include -I../../../lib/dns/include -I../../../lib/export/isc/include -I/home/kevin/4over6/thudhcp-server/bind/bind-9.8.4-P2/lib/isc/include -I../../../lib/isc -I../../../lib/isc/include -I../../../lib/isc/unix/include -I../../../lib/isc/nothreads/include -I../../../lib/isc/x86_32/include     -DUSE_MD5   -D_GNU_SOURCE -g -O2  -W -Wall -Wmissing-prototypes -Wcast-qual -Wwrite-strings -Wformat -Wpointer-arith -fno-strict-aliasing  -c ../../../lib/dns/log.c
gcc  -I/home/kevin/4over6/thudhcp-server/bind/bind-9.8.4-P2 -I. -Iinclude -I/home/kevin/4over6/thudhcp-server/bind/bind-9.8.4-P2/lib/dns/include -I../../../lib/dns/include -I../../../lib/export/isc/include -I/home/kevin/4over6/thudhcp-server/bind/bind-9.8.4-P2/lib/isc/include -I../../../lib/isc -I../../../lib/isc/include -I../../../lib/isc/unix/include -I../../../lib/isc/nothreads/include -I../../../lib/isc/x86_32/include     -DUSE_MD5   -D_GNU_SOURCE -g -O2  -W -Wall -Wmissing-prototypes -Wcast-qual -Wwrite-strings -Wformat -Wpointer-arith -fno-strict-aliasing  -c ../../../lib/dns/master.c
gcc  -I/home/kevin/4over6/thudhcp-server/bind/bind-9.8.4-P2 -I. -Iinclude -I/home/kevin/4over6/thudhcp-server/bind/bind-9.8.4-P2/lib/dns/include -I../../../lib/dns/include -I../../../lib/export/isc/include -I/home/kevin/4over6/thudhcp-server/bind/bind-9.8.4-P2/lib/isc/include -I../../../lib/isc -I../../../lib/isc/include -I../../../lib/isc/unix/include -I../../../lib/isc/nothreads/include -I../../../lib/isc/x86_32/include     -DUSE_MD5   -D_GNU_SOURCE -g -O2  -W -Wall -Wmissing-prototypes -Wcast-qual -Wwrite-strings -Wformat -Wpointer-arith -fno-strict-aliasing  -c ../../../lib/dns/masterdump.c
gcc  -I/home/kevin/4over6/thudhcp-server/bind/bind-9.8.4-P2 -I. -Iinclude -I/home/kevin/4over6/thudhcp-server/bind/bind-9.8.4-P2/lib/dns/include -I../../../lib/dns/include -I../../../lib/export/isc/include -I/home/kevin/4over6/thudhcp-server/bind/bind-9.8.4-P2/lib/isc/include -I../../../lib/isc -I../../../lib/isc/include -I../../../lib/isc/unix/include -I../../../lib/isc/nothreads/include -I../../../lib/isc/x86_32/include     -DUSE_MD5   -D_GNU_SOURCE -g -O2  -W -Wall -Wmissing-prototypes -Wcast-qual -Wwrite-strings -Wformat -Wpointer-arith -fno-strict-aliasing  -c ../../../lib/dns/message.c
gcc  -I/home/kevin/4over6/thudhcp-server/bind/bind-9.8.4-P2 -I. -Iinclude -I/home/kevin/4over6/thudhcp-server/bind/bind-9.8.4-P2/lib/dns/include -I../../../lib/dns/include -I../../../lib/export/isc/include -I/home/kevin/4over6/thudhcp-server/bind/bind-9.8.4-P2/lib/isc/include -I../../../lib/isc -I../../../lib/isc/include -I../../../lib/isc/unix/include -I../../../lib/isc/nothreads/include -I../../../lib/isc/x86_32/include     -DUSE_MD5   -D_GNU_SOURCE -g -O2  -W -Wall -Wmissing-prototypes -Wcast-qual -Wwrite-strings -Wformat -Wpointer-arith -fno-strict-aliasing  -c ../../../lib/dns/name.c
gcc  -I/home/kevin/4over6/thudhcp-server/bind/bind-9.8.4-P2 -I. -Iinclude -I/home/kevin/4over6/thudhcp-server/bind/bind-9.8.4-P2/lib/dns/include -I../../../lib/dns/include -I../../../lib/export/isc/include -I/home/kevin/4over6/thudhcp-server/bind/bind-9.8.4-P2/lib/isc/include -I../../../lib/isc -I../../../lib/isc/include -I../../../lib/isc/unix/include -I../../../lib/isc/nothreads/include -I../../../lib/isc/x86_32/include     -DUSE_MD5   -D_GNU_SOURCE -g -O2  -W -Wall -Wmissing-prototypes -Wcast-qual -Wwrite-strings -Wformat -Wpointer-arith -fno-strict-aliasing  -c ../../../lib/dns/ncache.c
gcc  -I/home/kevin/4over6/thudhcp-server/bind/bind-9.8.4-P2 -I. -Iinclude -I/home/kevin/4over6/thudhcp-server/bind/bind-9.8.4-P2/lib/dns/include -I../../../lib/dns/include -I../../../lib/export/isc/include -I/home/kevin/4over6/thudhcp-server/bind/bind-9.8.4-P2/lib/isc/include -I../../../lib/isc -I../../../lib/isc/include -I../../../lib/isc/unix/include -I../../../lib/isc/nothreads/include -I../../../lib/isc/x86_32/include     -DUSE_MD5   -D_GNU_SOURCE -g -O2  -W -Wall -Wmissing-prototypes -Wcast-qual -Wwrite-strings -Wformat -Wpointer-arith -fno-strict-aliasing  -c ../../../lib/dns/nsec.c
gcc  -I/home/kevin/4over6/thudhcp-server/bind/bind-9.8.4-P2 -I. -Iinclude -I/home/kevin/4over6/thudhcp-server/bind/bind-9.8.4-P2/lib/dns/include -I../../../lib/dns/include -I../../../lib/export/isc/include -I/home/kevin/4over6/thudhcp-server/bind/bind-9.8.4-P2/lib/isc/include -I../../../lib/isc -I../../../lib/isc/include -I../../../lib/isc/unix/include -I../../../lib/isc/nothreads/include -I../../../lib/isc/x86_32/include     -DUSE_MD5   -D_GNU_SOURCE -g -O2  -W -Wall -Wmissing-prototypes -Wcast-qual -Wwrite-strings -Wformat -Wpointer-arith -fno-strict-aliasing  -c ../../../lib/dns/nsec3.c
gcc  -I/home/kevin/4over6/thudhcp-server/bind/bind-9.8.4-P2 -I. -Iinclude -I/home/kevin/4over6/thudhcp-server/bind/bind-9.8.4-P2/lib/dns/include -I../../../lib/dns/include -I../../../lib/export/isc/include -I/home/kevin/4over6/thudhcp-server/bind/bind-9.8.4-P2/lib/isc/include -I../../../lib/isc -I../../../lib/isc/include -I../../../lib/isc/unix/include -I../../../lib/isc/nothreads/include -I../../../lib/isc/x86_32/include     -DUSE_MD5   -D_GNU_SOURCE -g -O2  -W -Wall -Wmissing-prototypes -Wcast-qual -Wwrite-strings -Wformat -Wpointer-arith -fno-strict-aliasing  -c ../../../lib/dns/peer.c
gcc  -I/home/kevin/4over6/thudhcp-server/bind/bind-9.8.4-P2 -I. -Iinclude -I/home/kevin/4over6/thudhcp-server/bind/bind-9.8.4-P2/lib/dns/include -I../../../lib/dns/include -I../../../lib/export/isc/include -I/home/kevin/4over6/thudhcp-server/bind/bind-9.8.4-P2/lib/isc/include -I../../../lib/isc -I../../../lib/isc/include -I../../../lib/isc/unix/include -I../../../lib/isc/nothreads/include -I../../../lib/isc/x86_32/include     -DUSE_MD5   -D_GNU_SOURCE -g -O2  -W -Wall -Wmissing-prototypes -Wcast-qual -Wwrite-strings -Wformat -Wpointer-arith -fno-strict-aliasing  -c ../../../lib/dns/portlist.c
gcc  -I/home/kevin/4over6/thudhcp-server/bind/bind-9.8.4-P2 -I. -Iinclude -I/home/kevin/4over6/thudhcp-server/bind/bind-9.8.4-P2/lib/dns/include -I../../../lib/dns/include -I../../../lib/export/isc/include -I/home/kevin/4over6/thudhcp-server/bind/bind-9.8.4-P2/lib/isc/include -I../../../lib/isc -I../../../lib/isc/include -I../../../lib/isc/unix/include -I../../../lib/isc/nothreads/include -I../../../lib/isc/x86_32/include     -DUSE_MD5   -D_GNU_SOURCE -g -O2  -W -Wall -Wmissing-prototypes -Wcast-qual -Wwrite-strings -Wformat -Wpointer-arith -fno-strict-aliasing  -c ../../../lib/dns/rbt.c
gcc  -I/home/kevin/4over6/thudhcp-server/bind/bind-9.8.4-P2 -I. -Iinclude -I/home/kevin/4over6/thudhcp-server/bind/bind-9.8.4-P2/lib/dns/include -I../../../lib/dns/include -I../../../lib/export/isc/include -I/home/kevin/4over6/thudhcp-server/bind/bind-9.8.4-P2/lib/isc/include -I../../../lib/isc -I../../../lib/isc/include -I../../../lib/isc/unix/include -I../../../lib/isc/nothreads/include -I../../../lib/isc/x86_32/include     -DUSE_MD5   -D_GNU_SOURCE -g -O2  -W -Wall -Wmissing-prototypes -Wcast-qual -Wwrite-strings -Wformat -Wpointer-arith -fno-strict-aliasing  -c ../../../lib/dns/rbtdb.c
gcc  -I/home/kevin/4over6/thudhcp-server/bind/bind-9.8.4-P2 -I. -Iinclude -I/home/kevin/4over6/thudhcp-server/bind/bind-9.8.4-P2/lib/dns/include -I../../../lib/dns/include -I../../../lib/export/isc/include -I/home/kevin/4over6/thudhcp-server/bind/bind-9.8.4-P2/lib/isc/include -I../../../lib/isc -I../../../lib/isc/include -I../../../lib/isc/unix/include -I../../../lib/isc/nothreads/include -I../../../lib/isc/x86_32/include     -DUSE_MD5   -D_GNU_SOURCE -g -O2  -W -Wall -Wmissing-prototypes -Wcast-qual -Wwrite-strings -Wformat -Wpointer-arith -fno-strict-aliasing  -c ../../../lib/dns/rcode.c
gcc  -I/home/kevin/4over6/thudhcp-server/bind/bind-9.8.4-P2 -I. -Iinclude -I/home/kevin/4over6/thudhcp-server/bind/bind-9.8.4-P2/lib/dns/include -I../../../lib/dns/include -I../../../lib/export/isc/include -I/home/kevin/4over6/thudhcp-server/bind/bind-9.8.4-P2/lib/isc/include -I../../../lib/isc -I../../../lib/isc/include -I../../../lib/isc/unix/include -I../../../lib/isc/nothreads/include -I../../../lib/isc/x86_32/include     -DUSE_MD5   -D_GNU_SOURCE -g -O2  -W -Wall -Wmissing-prototypes -Wcast-qual -Wwrite-strings -Wformat -Wpointer-arith -fno-strict-aliasing  -c ../../../lib/dns/rdata.c
gcc  -I/home/kevin/4over6/thudhcp-server/bind/bind-9.8.4-P2 -I. -Iinclude -I/home/kevin/4over6/thudhcp-server/bind/bind-9.8.4-P2/lib/dns/include -I../../../lib/dns/include -I../../../lib/export/isc/include -I/home/kevin/4over6/thudhcp-server/bind/bind-9.8.4-P2/lib/isc/include -I../../../lib/isc -I../../../lib/isc/include -I../../../lib/isc/unix/include -I../../../lib/isc/nothreads/include -I../../../lib/isc/x86_32/include     -DUSE_MD5   -D_GNU_SOURCE -g -O2  -W -Wall -Wmissing-prototypes -Wcast-qual -Wwrite-strings -Wformat -Wpointer-arith -fno-strict-aliasing  -c ../../../lib/dns/rdatalist.c
gcc  -I/home/kevin/4over6/thudhcp-server/bind/bind-9.8.4-P2 -I. -Iinclude -I/home/kevin/4over6/thudhcp-server/bind/bind-9.8.4-P2/lib/dns/include -I../../../lib/dns/include -I../../../lib/export/isc/include -I/home/kevin/4over6/thudhcp-server/bind/bind-9.8.4-P2/lib/isc/include -I../../../lib/isc -I../../../lib/isc/include -I../../../lib/isc/unix/include -I../../../lib/isc/nothreads/include -I../../../lib/isc/x86_32/include     -DUSE_MD5   -D_GNU_SOURCE -g -O2  -W -Wall -Wmissing-prototypes -Wcast-qual -Wwrite-strings -Wformat -Wpointer-arith -fno-strict-aliasing  -c ../../../lib/dns/rdataset.c
gcc  -I/home/kevin/4over6/thudhcp-server/bind/bind-9.8.4-P2 -I. -Iinclude -I/home/kevin/4over6/thudhcp-server/bind/bind-9.8.4-P2/lib/dns/include -I../../../lib/dns/include -I../../../lib/export/isc/include -I/home/kevin/4over6/thudhcp-server/bind/bind-9.8.4-P2/lib/isc/include -I../../../lib/isc -I../../../lib/isc/include -I../../../lib/isc/unix/include -I../../../lib/isc/nothreads/include -I../../../lib/isc/x86_32/include     -DUSE_MD5   -D_GNU_SOURCE -g -O2  -W -Wall -Wmissing-prototypes -Wcast-qual -Wwrite-strings -Wformat -Wpointer-arith -fno-strict-aliasing  -c ../../../lib/dns/rdatasetiter.c
gcc  -I/home/kevin/4over6/thudhcp-server/bind/bind-9.8.4-P2 -I. -Iinclude -I/home/kevin/4over6/thudhcp-server/bind/bind-9.8.4-P2/lib/dns/include -I../../../lib/dns/include -I../../../lib/export/isc/include -I/home/kevin/4over6/thudhcp-server/bind/bind-9.8.4-P2/lib/isc/include -I../../../lib/isc -I../../../lib/isc/include -I../../../lib/isc/unix/include -I../../../lib/isc/nothreads/include -I../../../lib/isc/x86_32/include     -DUSE_MD5   -D_GNU_SOURCE -g -O2  -W -Wall -Wmissing-prototypes -Wcast-qual -Wwrite-strings -Wformat -Wpointer-arith -fno-strict-aliasing  -c ../../../lib/dns/rdataslab.c
gcc  -I/home/kevin/4over6/thudhcp-server/bind/bind-9.8.4-P2 -I. -Iinclude -I/home/kevin/4over6/thudhcp-server/bind/bind-9.8.4-P2/lib/dns/include -I../../../lib/dns/include -I../../../lib/export/isc/include -I/home/kevin/4over6/thudhcp-server/bind/bind-9.8.4-P2/lib/isc/include -I../../../lib/isc -I../../../lib/isc/include -I../../../lib/isc/unix/include -I../../../lib/isc/nothreads/include -I../../../lib/isc/x86_32/include     -DUSE_MD5   -D_GNU_SOURCE -g -O2  -W -Wall -Wmissing-prototypes -Wcast-qual -Wwrite-strings -Wformat -Wpointer-arith -fno-strict-aliasing  -c ../../../lib/dns/request.c
gcc  -I/home/kevin/4over6/thudhcp-server/bind/bind-9.8.4-P2 -I. -Iinclude -I/home/kevin/4over6/thudhcp-server/bind/bind-9.8.4-P2/lib/dns/include -I../../../lib/dns/include -I../../../lib/export/isc/include -I/home/kevin/4over6/thudhcp-server/bind/bind-9.8.4-P2/lib/isc/include -I../../../lib/isc -I../../../lib/isc/include -I../../../lib/isc/unix/include -I../../../lib/isc/nothreads/include -I../../../lib/isc/x86_32/include     -DUSE_MD5   -D_GNU_SOURCE -g -O2  -W -Wall -Wmissing-prototypes -Wcast-qual -Wwrite-strings -Wformat -Wpointer-arith -fno-strict-aliasing  -c ../../../lib/dns/resolver.c
gcc  -I/home/kevin/4over6/thudhcp-server/bind/bind-9.8.4-P2 -I. -Iinclude -I/home/kevin/4over6/thudhcp-server/bind/bind-9.8.4-P2/lib/dns/include -I../../../lib/dns/include -I../../../lib/export/isc/include -I/home/kevin/4over6/thudhcp-server/bind/bind-9.8.4-P2/lib/isc/include -I../../../lib/isc -I../../../lib/isc/include -I../../../lib/isc/unix/include -I../../../lib/isc/nothreads/include -I../../../lib/isc/x86_32/include     -DUSE_MD5   -D_GNU_SOURCE -g -O2  -W -Wall -Wmissing-prototypes -Wcast-qual -Wwrite-strings -Wformat -Wpointer-arith -fno-strict-aliasing  -c ../../../lib/dns/result.c
gcc  -I/home/kevin/4over6/thudhcp-server/bind/bind-9.8.4-P2 -I. -Iinclude -I/home/kevin/4over6/thudhcp-server/bind/bind-9.8.4-P2/lib/dns/include -I../../../lib/dns/include -I../../../lib/export/isc/include -I/home/kevin/4over6/thudhcp-server/bind/bind-9.8.4-P2/lib/isc/include -I../../../lib/isc -I../../../lib/isc/include -I../../../lib/isc/unix/include -I../../../lib/isc/nothreads/include -I../../../lib/isc/x86_32/include     -DUSE_MD5   -D_GNU_SOURCE -g -O2  -W -Wall -Wmissing-prototypes -Wcast-qual -Wwrite-strings -Wformat -Wpointer-arith -fno-strict-aliasing  -c ../../../lib/dns/soa.c
gcc  -I/home/kevin/4over6/thudhcp-server/bind/bind-9.8.4-P2 -I. -Iinclude -I/home/kevin/4over6/thudhcp-server/bind/bind-9.8.4-P2/lib/dns/include -I../../../lib/dns/include -I../../../lib/export/isc/include -I/home/kevin/4over6/thudhcp-server/bind/bind-9.8.4-P2/lib/isc/include -I../../../lib/isc -I../../../lib/isc/include -I../../../lib/isc/unix/include -I../../../lib/isc/nothreads/include -I../../../lib/isc/x86_32/include     -DUSE_MD5   -D_GNU_SOURCE -g -O2  -W -Wall -Wmissing-prototypes -Wcast-qual -Wwrite-strings -Wformat -Wpointer-arith -fno-strict-aliasing  -c ../../../lib/dns/stats.c
gcc  -I/home/kevin/4over6/thudhcp-server/bind/bind-9.8.4-P2 -I. -Iinclude -I/home/kevin/4over6/thudhcp-server/bind/bind-9.8.4-P2/lib/dns/include -I../../../lib/dns/include -I../../../lib/export/isc/include -I/home/kevin/4over6/thudhcp-server/bind/bind-9.8.4-P2/lib/isc/include -I../../../lib/isc -I../../../lib/isc/include -I../../../lib/isc/unix/include -I../../../lib/isc/nothreads/include -I../../../lib/isc/x86_32/include     -DUSE_MD5   -D_GNU_SOURCE -g -O2  -W -Wall -Wmissing-prototypes -Wcast-qual -Wwrite-strings -Wformat -Wpointer-arith -fno-strict-aliasing  -c ../../../lib/dns/tcpmsg.c
gcc  -I/home/kevin/4over6/thudhcp-server/bind/bind-9.8.4-P2 -I. -Iinclude -I/home/kevin/4over6/thudhcp-server/bind/bind-9.8.4-P2/lib/dns/include -I../../../lib/dns/include -I../../../lib/export/isc/include -I/home/kevin/4over6/thudhcp-server/bind/bind-9.8.4-P2/lib/isc/include -I../../../lib/isc -I../../../lib/isc/include -I../../../lib/isc/unix/include -I../../../lib/isc/nothreads/include -I../../../lib/isc/x86_32/include     -DUSE_MD5   -D_GNU_SOURCE -g -O2  -W -Wall -Wmissing-prototypes -Wcast-qual -Wwrite-strings -Wformat -Wpointer-arith -fno-strict-aliasing  -c ../../../lib/dns/time.c
gcc  -I/home/kevin/4over6/thudhcp-server/bind/bind-9.8.4-P2 -I. -Iinclude -I/home/kevin/4over6/thudhcp-server/bind/bind-9.8.4-P2/lib/dns/include -I../../../lib/dns/include -I../../../lib/export/isc/include -I/home/kevin/4over6/thudhcp-server/bind/bind-9.8.4-P2/lib/isc/include -I../../../lib/isc -I../../../lib/isc/include -I../../../lib/isc/unix/include -I../../../lib/isc/nothreads/include -I../../../lib/isc/x86_32/include     -DUSE_MD5   -D_GNU_SOURCE -g -O2  -W -Wall -Wmissing-prototypes -Wcast-qual -Wwrite-strings -Wformat -Wpointer-arith -fno-strict-aliasing  -c ../../../lib/dns/tsec.c
gcc  -I/home/kevin/4over6/thudhcp-server/bind/bind-9.8.4-P2 -I. -Iinclude -I/home/kevin/4over6/thudhcp-server/bind/bind-9.8.4-P2/lib/dns/include -I../../../lib/dns/include -I../../../lib/export/isc/include -I/home/kevin/4over6/thudhcp-server/bind/bind-9.8.4-P2/lib/isc/include -I../../../lib/isc -I../../../lib/isc/include -I../../../lib/isc/unix/include -I../../../lib/isc/nothreads/include -I../../../lib/isc/x86_32/include     -DUSE_MD5   -D_GNU_SOURCE -g -O2  -W -Wall -Wmissing-prototypes -Wcast-qual -Wwrite-strings -Wformat -Wpointer-arith -fno-strict-aliasing  -c ../../../lib/dns/tsig.c
gcc  -I/home/kevin/4over6/thudhcp-server/bind/bind-9.8.4-P2 -I. -Iinclude -I/home/kevin/4over6/thudhcp-server/bind/bind-9.8.4-P2/lib/dns/include -I../../../lib/dns/include -I../../../lib/export/isc/include -I/home/kevin/4over6/thudhcp-server/bind/bind-9.8.4-P2/lib/isc/include -I../../../lib/isc -I../../../lib/isc/include -I../../../lib/isc/unix/include -I../../../lib/isc/nothreads/include -I../../../lib/isc/x86_32/include     -DUSE_MD5   -D_GNU_SOURCE -g -O2  -W -Wall -Wmissing-prototypes -Wcast-qual -Wwrite-strings -Wformat -Wpointer-arith -fno-strict-aliasing  -c ../../../lib/dns/ttl.c
gcc  -I/home/kevin/4over6/thudhcp-server/bind/bind-9.8.4-P2 -I. -Iinclude -I/home/kevin/4over6/thudhcp-server/bind/bind-9.8.4-P2/lib/dns/include -I../../../lib/dns/include -I../../../lib/export/isc/include -I/home/kevin/4over6/thudhcp-server/bind/bind-9.8.4-P2/lib/isc/include -I../../../lib/isc -I../../../lib/isc/include -I../../../lib/isc/unix/include -I../../../lib/isc/nothreads/include -I../../../lib/isc/x86_32/include     -DUSE_MD5   -D_GNU_SOURCE -g -O2  -W -Wall -Wmissing-prototypes -Wcast-qual -Wwrite-strings -Wformat -Wpointer-arith -fno-strict-aliasing  -c ../../../lib/dns/validator.c
gcc  -I/home/kevin/4over6/thudhcp-server/bind/bind-9.8.4-P2 -I. -Iinclude -I/home/kevin/4over6/thudhcp-server/bind/bind-9.8.4-P2/lib/dns/include -I../../../lib/dns/include -I../../../lib/export/isc/include -I/home/kevin/4over6/thudhcp-server/bind/bind-9.8.4-P2/lib/isc/include -I../../../lib/isc -I../../../lib/isc/include -I../../../lib/isc/unix/include -I../../../lib/isc/nothreads/include -I../../../lib/isc/x86_32/include     -DUSE_MD5   -D_GNU_SOURCE -g -O2  -W -Wall -Wmissing-prototypes -Wcast-qual -Wwrite-strings -Wformat -Wpointer-arith -fno-strict-aliasing  \
		-DVERSION=\"9.8.4-P2\" \
		-DLIBINTERFACE=89 \
		-DLIBREVISION=1 \
		-DLIBAGE=1 \
		-c ../../../lib/dns/version.c
gcc  -I/home/kevin/4over6/thudhcp-server/bind/bind-9.8.4-P2 -I. -Iinclude -I/home/kevin/4over6/thudhcp-server/bind/bind-9.8.4-P2/lib/dns/include -I../../../lib/dns/include -I../../../lib/export/isc/include -I/home/kevin/4over6/thudhcp-server/bind/bind-9.8.4-P2/lib/isc/include -I../../../lib/isc -I../../../lib/isc/include -I../../../lib/isc/unix/include -I../../../lib/isc/nothreads/include -I../../../lib/isc/x86_32/include     -DUSE_MD5   -D_GNU_SOURCE -g -O2  -W -Wall -Wmissing-prototypes -Wcast-qual -Wwrite-strings -Wformat -Wpointer-arith -fno-strict-aliasing  -c ../../../lib/dns/view.c
gcc  -I/home/kevin/4over6/thudhcp-server/bind/bind-9.8.4-P2 -I. -Iinclude -I/home/kevin/4over6/thudhcp-server/bind/bind-9.8.4-P2/lib/dns/include -I../../../lib/dns/include -I../../../lib/export/isc/include -I/home/kevin/4over6/thudhcp-server/bind/bind-9.8.4-P2/lib/isc/include -I../../../lib/isc -I../../../lib/isc/include -I../../../lib/isc/unix/include -I../../../lib/isc/nothreads/include -I../../../lib/isc/x86_32/include     -DUSE_MD5   -D_GNU_SOURCE -g -O2  -W -Wall -Wmissing-prototypes -Wcast-qual -Wwrite-strings -Wformat -Wpointer-arith -fno-strict-aliasing  -c ../../../lib/dns/dst_api.c
gcc  -I/home/kevin/4over6/thudhcp-server/bind/bind-9.8.4-P2 -I. -Iinclude -I/home/kevin/4over6/thudhcp-server/bind/bind-9.8.4-P2/lib/dns/include -I../../../lib/dns/include -I../../../lib/export/isc/include -I/home/kevin/4over6/thudhcp-server/bind/bind-9.8.4-P2/lib/isc/include -I../../../lib/isc -I../../../lib/isc/include -I../../../lib/isc/unix/include -I../../../lib/isc/nothreads/include -I../../../lib/isc/x86_32/include     -DUSE_MD5   -D_GNU_SOURCE -g -O2  -W -Wall -Wmissing-prototypes -Wcast-qual -Wwrite-strings -Wformat -Wpointer-arith -fno-strict-aliasing  -c ../../../lib/dns/dst_lib.c
gcc  -I/home/kevin/4over6/thudhcp-server/bind/bind-9.8.4-P2 -I. -Iinclude -I/home/kevin/4over6/thudhcp-server/bind/bind-9.8.4-P2/lib/dns/include -I../../../lib/dns/include -I../../../lib/export/isc/include -I/home/kevin/4over6/thudhcp-server/bind/bind-9.8.4-P2/lib/isc/include -I../../../lib/isc -I../../../lib/isc/include -I../../../lib/isc/unix/include -I../../../lib/isc/nothreads/include -I../../../lib/isc/x86_32/include     -DUSE_MD5   -D_GNU_SOURCE -g -O2  -W -Wall -Wmissing-prototypes -Wcast-qual -Wwrite-strings -Wformat -Wpointer-arith -fno-strict-aliasing  -c ../../../lib/dns/dst_parse.c
gcc  -I/home/kevin/4over6/thudhcp-server/bind/bind-9.8.4-P2 -I. -Iinclude -I/home/kevin/4over6/thudhcp-server/bind/bind-9.8.4-P2/lib/dns/include -I../../../lib/dns/include -I../../../lib/export/isc/include -I/home/kevin/4over6/thudhcp-server/bind/bind-9.8.4-P2/lib/isc/include -I../../../lib/isc -I../../../lib/isc/include -I../../../lib/isc/unix/include -I../../../lib/isc/nothreads/include -I../../../lib/isc/x86_32/include     -DUSE_MD5   -D_GNU_SOURCE -g -O2  -W -Wall -Wmissing-prototypes -Wcast-qual -Wwrite-strings -Wformat -Wpointer-arith -fno-strict-aliasing  -c ../../../lib/dns/dst_result.c
gcc  -I/home/kevin/4over6/thudhcp-server/bind/bind-9.8.4-P2 -I. -Iinclude -I/home/kevin/4over6/thudhcp-server/bind/bind-9.8.4-P2/lib/dns/include -I../../../lib/dns/include -I../../../lib/export/isc/include -I/home/kevin/4over6/thudhcp-server/bind/bind-9.8.4-P2/lib/isc/include -I../../../lib/isc -I../../../lib/isc/include -I../../../lib/isc/unix/include -I../../../lib/isc/nothreads/include -I../../../lib/isc/x86_32/include     -DUSE_MD5   -D_GNU_SOURCE -g -O2  -W -Wall -Wmissing-prototypes -Wcast-qual -Wwrite-strings -Wformat -Wpointer-arith -fno-strict-aliasing  -c ../../../lib/dns/gssapi_link.c
gcc  -I/home/kevin/4over6/thudhcp-server/bind/bind-9.8.4-P2 -I. -Iinclude -I/home/kevin/4over6/thudhcp-server/bind/bind-9.8.4-P2/lib/dns/include -I../../../lib/dns/include -I../../../lib/export/isc/include -I/home/kevin/4over6/thudhcp-server/bind/bind-9.8.4-P2/lib/isc/include -I../../../lib/isc -I../../../lib/isc/include -I../../../lib/isc/unix/include -I../../../lib/isc/nothreads/include -I../../../lib/isc/x86_32/include     -DUSE_MD5   -D_GNU_SOURCE -g -O2  -W -Wall -Wmissing-prototypes -Wcast-qual -Wwrite-strings -Wformat -Wpointer-arith -fno-strict-aliasing  -c ../../../lib/dns/gssapictx.c
gcc  -I/home/kevin/4over6/thudhcp-server/bind/bind-9.8.4-P2 -I. -Iinclude -I/home/kevin/4over6/thudhcp-server/bind/bind-9.8.4-P2/lib/dns/include -I../../../lib/dns/include -I../../../lib/export/isc/include -I/home/kevin/4over6/thudhcp-server/bind/bind-9.8.4-P2/lib/isc/include -I../../../lib/isc -I../../../lib/isc/include -I../../../lib/isc/unix/include -I../../../lib/isc/nothreads/include -I../../../lib/isc/x86_32/include     -DUSE_MD5   -D_GNU_SOURCE -g -O2  -W -Wall -Wmissing-prototypes -Wcast-qual -Wwrite-strings -Wformat -Wpointer-arith -fno-strict-aliasing  -c ../../../lib/dns/hmac_link.c
gcc  -I/home/kevin/4over6/thudhcp-server/bind/bind-9.8.4-P2 -I. -Iinclude -I/home/kevin/4over6/thudhcp-server/bind/bind-9.8.4-P2/lib/dns/include -I../../../lib/dns/include -I../../../lib/export/isc/include -I/home/kevin/4over6/thudhcp-server/bind/bind-9.8.4-P2/lib/isc/include -I../../../lib/isc -I../../../lib/isc/include -I../../../lib/isc/unix/include -I../../../lib/isc/nothreads/include -I../../../lib/isc/x86_32/include     -DUSE_MD5   -D_GNU_SOURCE -g -O2  -W -Wall -Wmissing-prototypes -Wcast-qual -Wwrite-strings -Wformat -Wpointer-arith -fno-strict-aliasing  -c ../../../lib/dns/key.c
gcc  -I/home/kevin/4over6/thudhcp-server/bind/bind-9.8.4-P2 -I. -Iinclude -I/home/kevin/4over6/thudhcp-server/bind/bind-9.8.4-P2/lib/dns/include -I../../../lib/dns/include -I../../../lib/export/isc/include -I/home/kevin/4over6/thudhcp-server/bind/bind-9.8.4-P2/lib/isc/include -I../../../lib/isc -I../../../lib/isc/include -I../../../lib/isc/unix/include -I../../../lib/isc/nothreads/include -I../../../lib/isc/x86_32/include     -DUSE_MD5   -D_GNU_SOURCE -g -O2  -W -Wall -Wmissing-prototypes -Wcast-qual -Wwrite-strings -Wformat -Wpointer-arith -fno-strict-aliasing  -c ../../../lib/dns/ecdb.c
/usr/bin/ar cruv libdns.a acl.o adb.o byaddr.o cache.o callbacks.o client.o compress.o db.o dbiterator.o diff.o dispatch.o dlz.o dnssec.o ds.o forward.o iptable.o keytable.o lib.o log.o master.o masterdump.o message.o name.o ncache.o nsec.o nsec3.o peer.o portlist.o rbt.o rbtdb.o rcode.o rdata.o rdatalist.o rdataset.o rdatasetiter.o rdataslab.o request.o resolver.o result.o soa.o stats.o tcpmsg.o time.o tsec.o tsig.o ttl.o validator.o version.o view.o  dst_api.o dst_lib.o dst_parse.o dst_result.o gssapi_link.o gssapictx.o hmac_link.o key.o ecdb.o
a - acl.o
a - adb.o
a - byaddr.o
a - cache.o
a - callbacks.o
a - client.o
a - compress.o
a - db.o
a - dbiterator.o
a - diff.o
a - dispatch.o
a - dlz.o
a - dnssec.o
a - ds.o
a - forward.o
a - iptable.o
a - keytable.o
a - lib.o
a - log.o
a - master.o
a - masterdump.o
a - message.o
a - name.o
a - ncache.o
a - nsec.o
a - nsec3.o
a - peer.o
a - portlist.o
a - rbt.o
a - rbtdb.o
a - rcode.o
a - rdata.o
a - rdatalist.o
a - rdataset.o
a - rdatasetiter.o
a - rdataslab.o
a - request.o
a - resolver.o
a - result.o
a - soa.o
a - stats.o
a - tcpmsg.o
a - time.o
a - tsec.o
a - tsig.o
a - ttl.o
a - validator.o
a - version.o
a - view.o
a - dst_api.o
a - dst_lib.o
a - dst_parse.o
a - dst_result.o
a - gssapi_link.o
a - gssapictx.o
a - hmac_link.o
a - key.o
a - ecdb.o
ranlib libdns.a
touch timestamp
make[3]: Leaving directory `/home/kevin/4over6/thudhcp-server/bind/bind-9.8.4-P2/lib/export/dns'
making all in /home/kevin/4over6/thudhcp-server/bind/bind-9.8.4-P2/lib/export/isccfg
make[3]: Entering directory `/home/kevin/4over6/thudhcp-server/bind/bind-9.8.4-P2/lib/export/isccfg'
making all in /home/kevin/4over6/thudhcp-server/bind/bind-9.8.4-P2/lib/export/isccfg/include
make[4]: Entering directory `/home/kevin/4over6/thudhcp-server/bind/bind-9.8.4-P2/lib/export/isccfg/include'
making all in /home/kevin/4over6/thudhcp-server/bind/bind-9.8.4-P2/lib/export/isccfg/include/isccfg
make[5]: Entering directory `/home/kevin/4over6/thudhcp-server/bind/bind-9.8.4-P2/lib/export/isccfg/include/isccfg'
make[5]: Leaving directory `/home/kevin/4over6/thudhcp-server/bind/bind-9.8.4-P2/lib/export/isccfg/include/isccfg'
make[4]: Leaving directory `/home/kevin/4over6/thudhcp-server/bind/bind-9.8.4-P2/lib/export/isccfg/include'
gcc  -I/home/kevin/4over6/thudhcp-server/bind/bind-9.8.4-P2 -I. -I/home/kevin/4over6/thudhcp-server/bind/bind-9.8.4-P2/lib/dns/include -I../../../lib/dns/include -I../../../lib/export/isc/include -I/home/kevin/4over6/thudhcp-server/bind/bind-9.8.4-P2/lib/isc/include -I../../../lib/isc -I../../../lib/isc/include -I../../../lib/isc/unix/include -I../../../lib/isc/nothreads/include -I../../../lib/isc/x86_32/include -I/home/kevin/4over6/thudhcp-server/bind/bind-9.8.4-P2/lib/isccfg/include -I../../../lib/isccfg/include    -D_GNU_SOURCE -g -O2  -W -Wall -Wmissing-prototypes -Wcast-qual -Wwrite-strings -Wformat -Wpointer-arith -fno-strict-aliasing  -c ../../../lib/isccfg/dnsconf.c
gcc  -I/home/kevin/4over6/thudhcp-server/bind/bind-9.8.4-P2 -I. -I/home/kevin/4over6/thudhcp-server/bind/bind-9.8.4-P2/lib/dns/include -I../../../lib/dns/include -I../../../lib/export/isc/include -I/home/kevin/4over6/thudhcp-server/bind/bind-9.8.4-P2/lib/isc/include -I../../../lib/isc -I../../../lib/isc/include -I../../../lib/isc/unix/include -I../../../lib/isc/nothreads/include -I../../../lib/isc/x86_32/include -I/home/kevin/4over6/thudhcp-server/bind/bind-9.8.4-P2/lib/isccfg/include -I../../../lib/isccfg/include    -D_GNU_SOURCE -g -O2  -W -Wall -Wmissing-prototypes -Wcast-qual -Wwrite-strings -Wformat -Wpointer-arith -fno-strict-aliasing  -c ../../../lib/isccfg/log.c
gcc  -I/home/kevin/4over6/thudhcp-server/bind/bind-9.8.4-P2 -I. -I/home/kevin/4over6/thudhcp-server/bind/bind-9.8.4-P2/lib/dns/include -I../../../lib/dns/include -I../../../lib/export/isc/include -I/home/kevin/4over6/thudhcp-server/bind/bind-9.8.4-P2/lib/isc/include -I../../../lib/isc -I../../../lib/isc/include -I../../../lib/isc/unix/include -I../../../lib/isc/nothreads/include -I../../../lib/isc/x86_32/include -I/home/kevin/4over6/thudhcp-server/bind/bind-9.8.4-P2/lib/isccfg/include -I../../../lib/isccfg/include    -D_GNU_SOURCE -g -O2  -W -Wall -Wmissing-prototypes -Wcast-qual -Wwrite-strings -Wformat -Wpointer-arith -fno-strict-aliasing  -c ../../../lib/isccfg/parser.c
gcc  -I/home/kevin/4over6/thudhcp-server/bind/bind-9.8.4-P2 -I. -I/home/kevin/4over6/thudhcp-server/bind/bind-9.8.4-P2/lib/dns/include -I../../../lib/dns/include -I../../../lib/export/isc/include -I/home/kevin/4over6/thudhcp-server/bind/bind-9.8.4-P2/lib/isc/include -I../../../lib/isc -I../../../lib/isc/include -I../../../lib/isc/unix/include -I../../../lib/isc/nothreads/include -I../../../lib/isc/x86_32/include -I/home/kevin/4over6/thudhcp-server/bind/bind-9.8.4-P2/lib/isccfg/include -I../../../lib/isccfg/include    -D_GNU_SOURCE -g -O2  -W -Wall -Wmissing-prototypes -Wcast-qual -Wwrite-strings -Wformat -Wpointer-arith -fno-strict-aliasing  \
		-DVERSION=\"9.8.4-P2\" \
		-DLIBINTERFACE=82 \
		-DLIBREVISION=3 \
		-DLIBAGE=0 \
		-c ../../../lib/isccfg/version.c
/usr/bin/ar cruv libisccfg.a dnsconf.o log.o parser.o version.o
a - dnsconf.o
a - log.o
a - parser.o
a - version.o
ranlib libisccfg.a
touch timestamp
make[3]: Leaving directory `/home/kevin/4over6/thudhcp-server/bind/bind-9.8.4-P2/lib/export/isccfg'
making all in /home/kevin/4over6/thudhcp-server/bind/bind-9.8.4-P2/lib/export/irs
make[3]: Entering directory `/home/kevin/4over6/thudhcp-server/bind/bind-9.8.4-P2/lib/export/irs'
making all in /home/kevin/4over6/thudhcp-server/bind/bind-9.8.4-P2/lib/export/irs/include
make[4]: Entering directory `/home/kevin/4over6/thudhcp-server/bind/bind-9.8.4-P2/lib/export/irs/include'
making all in /home/kevin/4over6/thudhcp-server/bind/bind-9.8.4-P2/lib/export/irs/include/irs
make[5]: Entering directory `/home/kevin/4over6/thudhcp-server/bind/bind-9.8.4-P2/lib/export/irs/include/irs'
make[5]: Leaving directory `/home/kevin/4over6/thudhcp-server/bind/bind-9.8.4-P2/lib/export/irs/include/irs'
make[4]: Leaving directory `/home/kevin/4over6/thudhcp-server/bind/bind-9.8.4-P2/lib/export/irs/include'
gcc  -I/home/kevin/4over6/thudhcp-server/bind/bind-9.8.4-P2 -I. -I./include -I../../../lib/irs/include -I/home/kevin/4over6/thudhcp-server/bind/bind-9.8.4-P2/lib/isccfg/include -I../../../lib/isccfg/include -I../dns/include -I/home/kevin/4over6/thudhcp-server/bind/bind-9.8.4-P2/lib/dns/include -I../../../lib/dns/include -I../../../lib/export/isc/include -I/home/kevin/4over6/thudhcp-server/bind/bind-9.8.4-P2/lib/isc/include -I../../../lib/isc -I../../../lib/isc/include -I../../../lib/isc/unix/include -I../../../lib/isc/nothreads/include -I../../../lib/isc/x86_32/include    -D_GNU_SOURCE -g -O2  -W -Wall -Wmissing-prototypes -Wcast-qual -Wwrite-strings -Wformat -Wpointer-arith -fno-strict-aliasing  -c ../../../lib/irs/context.c
gcc  -I/home/kevin/4over6/thudhcp-server/bind/bind-9.8.4-P2 -I. -I./include -I../../../lib/irs/include -I/home/kevin/4over6/thudhcp-server/bind/bind-9.8.4-P2/lib/isccfg/include -I../../../lib/isccfg/include -I../dns/include -I/home/kevin/4over6/thudhcp-server/bind/bind-9.8.4-P2/lib/dns/include -I../../../lib/dns/include -I../../../lib/export/isc/include -I/home/kevin/4over6/thudhcp-server/bind/bind-9.8.4-P2/lib/isc/include -I../../../lib/isc -I../../../lib/isc/include -I../../../lib/isc/unix/include -I../../../lib/isc/nothreads/include -I../../../lib/isc/x86_32/include    -D_GNU_SOURCE -g -O2  -W -Wall -Wmissing-prototypes -Wcast-qual -Wwrite-strings -Wformat -Wpointer-arith -fno-strict-aliasing  -c ../../../lib/irs/dnsconf.c
gcc  -I/home/kevin/4over6/thudhcp-server/bind/bind-9.8.4-P2 -I. -I./include -I../../../lib/irs/include -I/home/kevin/4over6/thudhcp-server/bind/bind-9.8.4-P2/lib/isccfg/include -I../../../lib/isccfg/include -I../dns/include -I/home/kevin/4over6/thudhcp-server/bind/bind-9.8.4-P2/lib/dns/include -I../../../lib/dns/include -I../../../lib/export/isc/include -I/home/kevin/4over6/thudhcp-server/bind/bind-9.8.4-P2/lib/isc/include -I../../../lib/isc -I../../../lib/isc/include -I../../../lib/isc/unix/include -I../../../lib/isc/nothreads/include -I../../../lib/isc/x86_32/include    -D_GNU_SOURCE -g -O2  -W -Wall -Wmissing-prototypes -Wcast-qual -Wwrite-strings -Wformat -Wpointer-arith -fno-strict-aliasing  -c ../../../lib/irs/gai_strerror.c
gcc  -I/home/kevin/4over6/thudhcp-server/bind/bind-9.8.4-P2 -I. -I./include -I../../../lib/irs/include -I/home/kevin/4over6/thudhcp-server/bind/bind-9.8.4-P2/lib/isccfg/include -I../../../lib/isccfg/include -I../dns/include -I/home/kevin/4over6/thudhcp-server/bind/bind-9.8.4-P2/lib/dns/include -I../../../lib/dns/include -I../../../lib/export/isc/include -I/home/kevin/4over6/thudhcp-server/bind/bind-9.8.4-P2/lib/isc/include -I../../../lib/isc -I../../../lib/isc/include -I../../../lib/isc/unix/include -I../../../lib/isc/nothreads/include -I../../../lib/isc/x86_32/include    -D_GNU_SOURCE -g -O2  -W -Wall -Wmissing-prototypes -Wcast-qual -Wwrite-strings -Wformat -Wpointer-arith -fno-strict-aliasing  -c ../../../lib/irs/getaddrinfo.c
gcc  -I/home/kevin/4over6/thudhcp-server/bind/bind-9.8.4-P2 -I. -I./include -I../../../lib/irs/include -I/home/kevin/4over6/thudhcp-server/bind/bind-9.8.4-P2/lib/isccfg/include -I../../../lib/isccfg/include -I../dns/include -I/home/kevin/4over6/thudhcp-server/bind/bind-9.8.4-P2/lib/dns/include -I../../../lib/dns/include -I../../../lib/export/isc/include -I/home/kevin/4over6/thudhcp-server/bind/bind-9.8.4-P2/lib/isc/include -I../../../lib/isc -I../../../lib/isc/include -I../../../lib/isc/unix/include -I../../../lib/isc/nothreads/include -I../../../lib/isc/x86_32/include    -D_GNU_SOURCE -g -O2  -W -Wall -Wmissing-prototypes -Wcast-qual -Wwrite-strings -Wformat -Wpointer-arith -fno-strict-aliasing  -c ../../../lib/irs/getnameinfo.c
gcc  -I/home/kevin/4over6/thudhcp-server/bind/bind-9.8.4-P2 -I. -I./include -I../../../lib/irs/include -I/home/kevin/4over6/thudhcp-server/bind/bind-9.8.4-P2/lib/isccfg/include -I../../../lib/isccfg/include -I../dns/include -I/home/kevin/4over6/thudhcp-server/bind/bind-9.8.4-P2/lib/dns/include -I../../../lib/dns/include -I../../../lib/export/isc/include -I/home/kevin/4over6/thudhcp-server/bind/bind-9.8.4-P2/lib/isc/include -I../../../lib/isc -I../../../lib/isc/include -I../../../lib/isc/unix/include -I../../../lib/isc/nothreads/include -I../../../lib/isc/x86_32/include    -D_GNU_SOURCE -g -O2  -W -Wall -Wmissing-prototypes -Wcast-qual -Wwrite-strings -Wformat -Wpointer-arith -fno-strict-aliasing  -c ../../../lib/irs/resconf.c
gcc  -I/home/kevin/4over6/thudhcp-server/bind/bind-9.8.4-P2 -I. -I./include -I../../../lib/irs/include -I/home/kevin/4over6/thudhcp-server/bind/bind-9.8.4-P2/lib/isccfg/include -I../../../lib/isccfg/include -I../dns/include -I/home/kevin/4over6/thudhcp-server/bind/bind-9.8.4-P2/lib/dns/include -I../../../lib/dns/include -I../../../lib/export/isc/include -I/home/kevin/4over6/thudhcp-server/bind/bind-9.8.4-P2/lib/isc/include -I../../../lib/isc -I../../../lib/isc/include -I../../../lib/isc/unix/include -I../../../lib/isc/nothreads/include -I../../../lib/isc/x86_32/include    -D_GNU_SOURCE -g -O2  -W -Wall -Wmissing-prototypes -Wcast-qual -Wwrite-strings -Wformat -Wpointer-arith -fno-strict-aliasing  \
		-DVERSION=\"9.8.4-P2\" \
		-DLIBINTERFACE=80 \
		-DLIBREVISION=2 \
		-DLIBAGE=0 \
		-c ../../../lib/irs/version.c
/usr/bin/ar cruv libirs.a context.o dnsconf.o gai_strerror.o getaddrinfo.o getnameinfo.o resconf.o version.o
a - context.o
a - dnsconf.o
a - gai_strerror.o
a - getaddrinfo.o
a - getnameinfo.o
a - resconf.o
a - version.o
ranlib libirs.a
touch timestamp
make[3]: Leaving directory `/home/kevin/4over6/thudhcp-server/bind/bind-9.8.4-P2/lib/export/irs'
making all in /home/kevin/4over6/thudhcp-server/bind/bind-9.8.4-P2/lib/export/samples
make[3]: Entering directory `/home/kevin/4over6/thudhcp-server/bind/bind-9.8.4-P2/lib/export/samples'
gcc  -I/home/kevin/4over6/thudhcp-server/bind/bind-9.8.4-P2 -I./include -I../dns/include -I../../../lib/export/isc/include -I/home/kevin/4over6/thudhcp-server/bind/bind-9.8.4-P2/lib/dns/include -I../../../lib/dns/include -I/home/kevin/4over6/thudhcp-server/bind/bind-9.8.4-P2/lib/isc/include -I../../../lib/isc -I../../../lib/isc/include -I../../../lib/isc/unix/include -I../../../lib/isc/nothreads/include -I../../../lib/isc/x86_32/include -I../../../lib/irs/include    -D_GNU_SOURCE -g -O2  -W -Wall -Wmissing-prototypes -Wcast-qual -Wwrite-strings -Wformat -Wpointer-arith -fno-strict-aliasing  -c sample.c
gcc -g -O2  -o sample \
	sample.o ../dns/libdns.a  ../isccfg/libisccfg.a ../isc/libisc.a -ldl 
gcc  -I/home/kevin/4over6/thudhcp-server/bind/bind-9.8.4-P2 -I./include -I../dns/include -I../../../lib/export/isc/include -I/home/kevin/4over6/thudhcp-server/bind/bind-9.8.4-P2/lib/dns/include -I../../../lib/dns/include -I/home/kevin/4over6/thudhcp-server/bind/bind-9.8.4-P2/lib/isc/include -I../../../lib/isc -I../../../lib/isc/include -I../../../lib/isc/unix/include -I../../../lib/isc/nothreads/include -I../../../lib/isc/x86_32/include -I../../../lib/irs/include    -D_GNU_SOURCE -g -O2  -W -Wall -Wmissing-prototypes -Wcast-qual -Wwrite-strings -Wformat -Wpointer-arith -fno-strict-aliasing  -c sample-async.c
gcc -g -O2  -o sample-async \
	sample-async.o ../dns/libdns.a  ../isccfg/libisccfg.a ../isc/libisc.a -ldl 
gcc  -I/home/kevin/4over6/thudhcp-server/bind/bind-9.8.4-P2 -I./include -I../dns/include -I../../../lib/export/isc/include -I/home/kevin/4over6/thudhcp-server/bind/bind-9.8.4-P2/lib/dns/include -I../../../lib/dns/include -I/home/kevin/4over6/thudhcp-server/bind/bind-9.8.4-P2/lib/isc/include -I../../../lib/isc -I../../../lib/isc/include -I../../../lib/isc/unix/include -I../../../lib/isc/nothreads/include -I../../../lib/isc/x86_32/include -I../../../lib/irs/include    -D_GNU_SOURCE -g -O2  -W -Wall -Wmissing-prototypes -Wcast-qual -Wwrite-strings -Wformat -Wpointer-arith -fno-strict-aliasing  -c sample-gai.c
gcc -g -O2  -o sample-gai \
	sample-gai.o ../irs/libirs.a ../dns/libdns.a  ../isccfg/libisccfg.a ../isc/libisc.a -ldl 
gcc  -I/home/kevin/4over6/thudhcp-server/bind/bind-9.8.4-P2 -I./include -I../dns/include -I../../../lib/export/isc/include -I/home/kevin/4over6/thudhcp-server/bind/bind-9.8.4-P2/lib/dns/include -I../../../lib/dns/include -I/home/kevin/4over6/thudhcp-server/bind/bind-9.8.4-P2/lib/isc/include -I../../../lib/isc -I../../../lib/isc/include -I../../../lib/isc/unix/include -I../../../lib/isc/nothreads/include -I../../../lib/isc/x86_32/include -I../../../lib/irs/include    -D_GNU_SOURCE -g -O2  -W -Wall -Wmissing-prototypes -Wcast-qual -Wwrite-strings -Wformat -Wpointer-arith -fno-strict-aliasing  -c sample-update.c
gcc -g -O2  -o sample-update \
	sample-update.o ../dns/libdns.a  ../isccfg/libisccfg.a ../isc/libisc.a -ldl 
gcc  -I/home/kevin/4over6/thudhcp-server/bind/bind-9.8.4-P2 -I./include -I../dns/include -I../../../lib/export/isc/include -I/home/kevin/4over6/thudhcp-server/bind/bind-9.8.4-P2/lib/dns/include -I../../../lib/dns/include -I/home/kevin/4over6/thudhcp-server/bind/bind-9.8.4-P2/lib/isc/include -I../../../lib/isc -I../../../lib/isc/include -I../../../lib/isc/unix/include -I../../../lib/isc/nothreads/include -I../../../lib/isc/x86_32/include -I../../../lib/irs/include    -D_GNU_SOURCE -g -O2  -W -Wall -Wmissing-prototypes -Wcast-qual -Wwrite-strings -Wformat -Wpointer-arith -fno-strict-aliasing  -c sample-request.c
gcc -g -O2  -o sample-request \
	sample-request.o ../dns/libdns.a  ../isccfg/libisccfg.a ../isc/libisc.a -ldl 
gcc  -I/home/kevin/4over6/thudhcp-server/bind/bind-9.8.4-P2 -I./include -I../dns/include -I../../../lib/export/isc/include -I/home/kevin/4over6/thudhcp-server/bind/bind-9.8.4-P2/lib/dns/include -I../../../lib/dns/include -I/home/kevin/4over6/thudhcp-server/bind/bind-9.8.4-P2/lib/isc/include -I../../../lib/isc -I../../../lib/isc/include -I../../../lib/isc/unix/include -I../../../lib/isc/nothreads/include -I../../../lib/isc/x86_32/include -I../../../lib/irs/include    -D_GNU_SOURCE -g -O2  -W -Wall -Wmissing-prototypes -Wcast-qual -Wwrite-strings -Wformat -Wpointer-arith -fno-strict-aliasing  -c nsprobe.c
gcc -g -O2  -o nsprobe \
	nsprobe.o ../dns/libdns.a  ../isccfg/libisccfg.a ../isc/libisc.a -ldl 
make[3]: Leaving directory `/home/kevin/4over6/thudhcp-server/bind/bind-9.8.4-P2/lib/export/samples'
make[2]: Leaving directory `/home/kevin/4over6/thudhcp-server/bind/bind-9.8.4-P2/lib/export'
